IP: ::1, Error in : Crud, Description: PDOException: SQLSTATE[HY093]: Invalid parameter number: number of bound variables does not match number of tokens in C:\Users\ivanm\Documents\proyectos_web\uservic_test\App\Models\CrudHelper\CrudA.php:61
Stack trace:
#0 C:\Users\ivanm\Documents\proyectos_web\uservic_test\App\Models\CrudHelper\CrudA.php(61): PDOStatement->execute()
#1 C:\Users\ivanm\Documents\proyectos_web\uservic_test\App\Models\CrudHelper\CrudA.php(50): App\Models\CrudHelper\CrudA->setData(Array, false)
#2 C:\Users\ivanm\Documents\proyectos_web\uservic_test\App\Models\CrudHelper\CrudA.php(35): App\Models\CrudHelper\CrudA->implementCrud('UPDATE uservic_...', Array, false)
#3 C:\Users\ivanm\Documents\proyectos_web\uservic_test\App\Controllers\Helpers\User\Settings.php(30): App\Models\CrudHelper\CrudA->update(Array, 'UPDATE uservic_...')
#4 C:\Users\ivanm\Documents\proyectos_web\uservic_test\App\Controllers\Main\Main.php(17): App\Controllers\Helpers\User\Settings->update()
#5 C:\Users\ivanm\Documents\proyectos_web\uservic_test\App\Controllers\Main\Standard\Standard.php(35): App\Controllers\Main\Main->callMethod('update', Array, 'User\\Settings')
#6 C:\Users\ivanm\Documents\proyectos_web\uservic_test\Core\App.php(46): App\Controllers\Main\Standard\Standard->UserSettings('update')
#7 C:\Users\ivanm\Documents\proyectos_web\uservic_test\public\index.php(30): Core\App->__construct()
#8 {main}, info_Received: token=eyJ0eXAiOiJKV1QiLCJhbGciOiJIUzI1NiJ9.eyJlbWFpbCI6Iml2YW5AaXZhbi5jb20iLCJ0aW1ldXNlciI6ImUyZmJlOGNlZGNjMWNhNzVhODI0YmZiNWZhMDFjMTUwNjhlYzgxODIwY2JlNTczMGEyMmVkNDVlZDFhYzZkN2IiLCJpbWFnZSI6ImI5MjJiNGFmMDAzYjExYzI5NjU3OGMzOGUzOTYzZDEyLmpwZyIsInVzZXJuYW1lIjoiaXZhbm1sYXIiLCJpYXQiOjE1MzYyNDQ5OTgsImV4cCI6MTUzODgzNjk5OH0.xAf-7tc-OkuEynSWKCMddik1j3aBRdfBV-DPtNCyIOo::id=0::Is an Array with size of: 4 and with name keys of: (data), and with values of: (location,conexions,uservic_changes,budgets)action=update::, Url Received: (user/settings), date: 2018-09-08 17:00:54
IP: ::1, Error in : Crud, Description: PDOException: SQLSTATE[HY093]: Invalid parameter number: number of bound variables does not match number of tokens in C:\Users\ivanm\Documents\proyectos_web\uservic_test\App\Models\CrudHelper\CrudA.php:61
Stack trace:
#0 C:\Users\ivanm\Documents\proyectos_web\uservic_test\App\Models\CrudHelper\CrudA.php(61): PDOStatement->execute()
#1 C:\Users\ivanm\Documents\proyectos_web\uservic_test\App\Models\CrudHelper\CrudA.php(50): App\Models\CrudHelper\CrudA->setData(Array, false)
#2 C:\Users\ivanm\Documents\proyectos_web\uservic_test\App\Models\CrudHelper\CrudA.php(35): App\Models\CrudHelper\CrudA->implementCrud('UPDATE uservic_...', Array, false)
#3 C:\Users\ivanm\Documents\proyectos_web\uservic_test\App\Controllers\Helpers\User\Settings.php(30): App\Models\CrudHelper\CrudA->update(Array, 'UPDATE uservic_...')
#4 C:\Users\ivanm\Documents\proyectos_web\uservic_test\App\Controllers\Main\Main.php(17): App\Controllers\Helpers\User\Settings->update()
#5 C:\Users\ivanm\Documents\proyectos_web\uservic_test\App\Controllers\Main\Standard\Standard.php(35): App\Controllers\Main\Main->callMethod('update', Array, 'User\\Settings')
#6 C:\Users\ivanm\Documents\proyectos_web\uservic_test\Core\App.php(46): App\Controllers\Main\Standard\Standard->UserSettings('update')
#7 C:\Users\ivanm\Documents\proyectos_web\uservic_test\public\index.php(30): Core\App->__construct()
#8 {main}, info_Received: token=eyJ0eXAiOiJKV1QiLCJhbGciOiJIUzI1NiJ9.eyJlbWFpbCI6Iml2YW5AaXZhbi5jb20iLCJ0aW1ldXNlciI6ImUyZmJlOGNlZGNjMWNhNzVhODI0YmZiNWZhMDFjMTUwNjhlYzgxODIwY2JlNTczMGEyMmVkNDVlZDFhYzZkN2IiLCJpbWFnZSI6ImI5MjJiNGFmMDAzYjExYzI5NjU3OGMzOGUzOTYzZDEyLmpwZyIsInVzZXJuYW1lIjoiaXZhbm1sYXIiLCJpYXQiOjE1MzYyNDQ5OTgsImV4cCI6MTUzODgzNjk5OH0.xAf-7tc-OkuEynSWKCMddik1j3aBRdfBV-DPtNCyIOo::action=update::Is an Array with size of: 4 and with name keys of: (data), and with values of: (location,conexions,uservic_changes,budgets), Url Received: (user/settings), date: 2018-09-08 17:01:51
