IP: ::1, Error in : Crud, Description: PDOException: SQLSTATE[42S22]: Column not found: 1054 Unknown column 'uservic_users_conexions.id_pbt_user' in 'field list' in C:\Users\ivanm\Documents\proyectos_web\uservic_test\App\Models\CrudHelper\Crud.php:23
Stack trace:
#0 C:\Users\ivanm\Documents\proyectos_web\uservic_test\App\Models\CrudHelper\Crud.php(23): PDOStatement->execute()
#1 C:\Users\ivanm\Documents\proyectos_web\uservic_test\App\Models\User\Conexions\Conexions.php(54): App\Models\CrudHelper\Crud::get('SELECT uservic_...', Array)
#2 C:\Users\ivanm\Documents\proyectos_web\uservic_test\App\Models\User\Conexions\Conexions.php(18): App\Models\User\Conexions\Conexions->getById()
#3 C:\Users\ivanm\Documents\proyectos_web\uservic_test\App\Controllers\Helpers\User\Conexions.php(26): App\Models\User\Conexions\Conexions->get()
#4 C:\Users\ivanm\Documents\proyectos_web\uservic_test\App\Controllers\Main\Main.php(17): App\Controllers\Helpers\User\Conexions->get()
#5 C:\Users\ivanm\Documents\proyectos_web\uservic_test\App\Controllers\Main\Standard\Standard.php(47): App\Controllers\Main\Main->callMethod('get', Array, 'User\\Conexions')
#6 C:\Users\ivanm\Documents\proyectos_web\uservic_test\Core\App.php(46): App\Controllers\Main\Standard\Standard->UserConexions('get')
#7 C:\Users\ivanm\Documents\proyectos_web\uservic_test\public\index.php(30): Core\App->__construct()
#8 {main}, info_Received: token=eyJ0eXAiOiJKV1QiLCJhbGciOiJIUzI1NiJ9.eyJlbWFpbCI6Iml2YW5AaXZhbi5jb20iLCJ0aW1ldXNlciI6ImUyZmJlOGNlZGNjMWNhNzVhODI0YmZiNWZhMDFjMTUwNjhlYzgxODIwY2JlNTczMGEyMmVkNDVlZDFhYzZkN2IiLCJpbWFnZSI6ImI5MjJiNGFmMDAzYjExYzI5NjU3OGMzOGUzOTYzZDEyLmpwZyIsInVzZXJuYW1lIjoiaXZhbm1sYXIiLCJpYXQiOjE1MzYyNDQ5OTgsImV4cCI6MTUzODgzNjk5OH0.xAf-7tc-OkuEynSWKCMddik1j3aBRdfBV-DPtNCyIOo::action=get::, Url Received: (user/conexions), date: 2018-09-10 19:05:01
IP: ::1, Error in : Crud, Description: PDOException: SQLSTATE[42000]: Syntax error or access violation: 1064 You have an error in your SQL syntax; check the manual that corresponds to your MariaDB server version for the right syntax to use near 'FROM uservic_users_favouriteservices INNER JOIN uservic_users INNER JOIN uservic' at line 1 in C:\Users\ivanm\Documents\proyectos_web\uservic_test\App\Models\CrudHelper\Crud.php:23
Stack trace:
#0 C:\Users\ivanm\Documents\proyectos_web\uservic_test\App\Models\CrudHelper\Crud.php(23): PDOStatement->execute()
#1 C:\Users\ivanm\Documents\proyectos_web\uservic_test\App\Models\User\Favs\Favs.php(37): App\Models\CrudHelper\Crud::get('SELECT uservic_...', Array)
#2 C:\Users\ivanm\Documents\proyectos_web\uservic_test\App\Models\User\Favs\Favs.php(14): App\Models\User\Favs\Favs->getById()
#3 C:\Users\ivanm\Documents\proyectos_web\uservic_test\App\Controllers\Helpers\User\Favs.php(17): App\Models\User\Favs\Favs->get()
#4 C:\Users\ivanm\Documents\proyectos_web\uservic_test\App\Controllers\Main\Main.php(17): App\Controllers\Helpers\User\Favs->get()
#5 C:\Users\ivanm\Documents\proyectos_web\uservic_test\App\Controllers\Main\Standard\Standard.php(39): App\Controllers\Main\Main->callMethod('get', Array, 'User\\Favs')
#6 C:\Users\ivanm\Documents\proyectos_web\uservic_test\Core\App.php(46): App\Controllers\Main\Standard\Standard->UserFavs('get')
#7 C:\Users\ivanm\Documents\proyectos_web\uservic_test\public\index.php(30): Core\App->__construct()
#8 {main}, info_Received: token=eyJ0eXAiOiJKV1QiLCJhbGciOiJIUzI1NiJ9.eyJlbWFpbCI6Iml2YW5AaXZhbi5jb20iLCJ0aW1ldXNlciI6ImUyZmJlOGNlZGNjMWNhNzVhODI0YmZiNWZhMDFjMTUwNjhlYzgxODIwY2JlNTczMGEyMmVkNDVlZDFhYzZkN2IiLCJpbWFnZSI6ImI5MjJiNGFmMDAzYjExYzI5NjU3OGMzOGUzOTYzZDEyLmpwZyIsInVzZXJuYW1lIjoiaXZhbm1sYXIiLCJpYXQiOjE1MzYyNDQ5OTgsImV4cCI6MTUzODgzNjk5OH0.xAf-7tc-OkuEynSWKCMddik1j3aBRdfBV-DPtNCyIOo::action=get::, Url Received: (user/favs), date: 2018-09-10 19:52:58
IP: ::1, Error in : Crud, Description: PDOException: SQLSTATE[42S22]: Column not found: 1054 Unknown column 'uservic_services.sector' in 'field list' in C:\Users\ivanm\Documents\proyectos_web\uservic_test\App\Models\CrudHelper\Crud.php:23
Stack trace:
#0 C:\Users\ivanm\Documents\proyectos_web\uservic_test\App\Models\CrudHelper\Crud.php(23): PDOStatement->execute()
#1 C:\Users\ivanm\Documents\proyectos_web\uservic_test\App\Models\Services\User\Related.php(31): App\Models\CrudHelper\Crud::get('SELECT uservic_...', Array)
#2 C:\Users\ivanm\Documents\proyectos_web\uservic_test\App\Models\Services\User\Related.php(17): App\Models\Services\User\Related->getById()
#3 C:\Users\ivanm\Documents\proyectos_web\uservic_test\App\Controllers\Helpers\Services\Related.php(36): App\Models\Services\User\Related->get(NULL)
#4 C:\Users\ivanm\Documents\proyectos_web\uservic_test\App\Controllers\Main\Main.php(17): App\Controllers\Helpers\Services\Related->getUserRelated()
#5 C:\Users\ivanm\Documents\proyectos_web\uservic_test\App\Controllers\Main\Guest\Guest.php(50): App\Controllers\Main\Main->callMethod('getUserRelated', Array, 'Services\\Relate...')
#6 C:\Users\ivanm\Documents\proyectos_web\uservic_test\Core\App.php(46): App\Controllers\Main\Guest\Guest->ServicesRelated('getUserRelated')
#7 C:\Users\ivanm\Documents\proyectos_web\uservic_test\public\index.php(30): Core\App->__construct()
#8 {main}, info_Received: action=getUserRelated::Is an Array with size of: 1 and with name keys of: (data), and with values of: (user), Url Received: (services/related), date: 2018-09-10 21:45:26
IP: ::1, Error in : Crud, Description: PDOException: SQLSTATE[42S22]: Column not found: 1054 Unknown column 'uservic_services.sector' in 'field list' in C:\Users\ivanm\Documents\proyectos_web\uservic_test\App\Models\CrudHelper\Crud.php:23
Stack trace:
#0 C:\Users\ivanm\Documents\proyectos_web\uservic_test\App\Models\CrudHelper\Crud.php(23): PDOStatement->execute()
#1 C:\Users\ivanm\Documents\proyectos_web\uservic_test\App\Models\Services\User\Related.php(31): App\Models\CrudHelper\Crud::get('SELECT uservic_...', Array)
#2 C:\Users\ivanm\Documents\proyectos_web\uservic_test\App\Models\Services\User\Related.php(17): App\Models\Services\User\Related->getById()
#3 C:\Users\ivanm\Documents\proyectos_web\uservic_test\App\Controllers\Helpers\Services\Related.php(36): App\Models\Services\User\Related->get()
#4 C:\Users\ivanm\Documents\proyectos_web\uservic_test\App\Controllers\Main\Main.php(17): App\Controllers\Helpers\Services\Related->getUserRelated()
#5 C:\Users\ivanm\Documents\proyectos_web\uservic_test\App\Controllers\Main\Guest\Guest.php(50): App\Controllers\Main\Main->callMethod('getUserRelated', Array, 'Services\\Relate...')
#6 C:\Users\ivanm\Documents\proyectos_web\uservic_test\Core\App.php(46): App\Controllers\Main\Guest\Guest->ServicesRelated('getUserRelated')
#7 C:\Users\ivanm\Documents\proyectos_web\uservic_test\public\index.php(30): Core\App->__construct()
#8 {main}, info_Received: action=getUserRelated::Is an Array with size of: 1 and with name keys of: (data), and with values of: (user), Url Received: (services/related), date: 2018-09-10 21:45:50
