IP: ::1, Error in : Crud, Description: PDOException: SQLSTATE[42000]: Syntax error or access violation: 1064 You have an error in your SQL syntax; check the manual that corresponds to your MariaDB server version for the right syntax to use near 'FROM uservic_budget_requests INNER JOIN uservic_services INNER JOIN uservic_user' at line 1 in C:\Users\ivanm\Documents\proyectos_web\uservic_test\App\Models\CrudHelper\Crud.php:23
Stack trace:
#0 C:\Users\ivanm\Documents\proyectos_web\uservic_test\App\Models\CrudHelper\Crud.php(23): PDOStatement->execute()
#1 C:\Users\ivanm\Documents\proyectos_web\uservic_test\App\Models\User\BudgetRequests\Requests.php(60): App\Models\CrudHelper\Crud::get('SELECT uservic_...', Array)
#2 C:\Users\ivanm\Documents\proyectos_web\uservic_test\App\Models\User\BudgetRequests\Requests.php(22): App\Models\User\BudgetRequests\Requests->getById()
#3 C:\Users\ivanm\Documents\proyectos_web\uservic_test\App\Controllers\Helpers\User\BudgetRequests\Requests.php(20): App\Models\User\BudgetRequests\Requests->get()
#4 C:\Users\ivanm\Documents\proyectos_web\uservic_test\App\Controllers\Main\Main.php(17): App\Controllers\Helpers\User\BudgetRequests\Requests->get()
#5 C:\Users\ivanm\Documents\proyectos_web\uservic_test\App\Controllers\Main\Standard\Standard.php(55): App\Controllers\Main\Main->callMethod('get', Array, 'User\\BudgetRequ...')
#6 C:\Users\ivanm\Documents\proyectos_web\uservic_test\Core\App.php(46): App\Controllers\Main\Standard\Standard->UserRequests('get')
#7 C:\Users\ivanm\Documents\proyectos_web\uservic_test\public\index.php(30): Core\App->__construct()
#8 {main}, info_Received: token=eyJ0eXAiOiJKV1QiLCJhbGciOiJIUzI1NiJ9.eyJlbWFpbCI6Iml2YW5AaXZhbi5jb20iLCJ0aW1ldXNlciI6ImUyZmJlOGNlZGNjMWNhNzVhODI0YmZiNWZhMDFjMTUwNjhlYzgxODIwY2JlNTczMGEyMmVkNDVlZDFhYzZkN2IiLCJpbWFnZSI6ImI5MjJiNGFmMDAzYjExYzI5NjU3OGMzOGUzOTYzZDEyLmpwZyIsInVzZXJuYW1lIjoiaXZhbm1sYXIiLCJpYXQiOjE1MzYyNDQ5OTgsImV4cCI6MTUzODgzNjk5OH0.xAf-7tc-OkuEynSWKCMddik1j3aBRdfBV-DPtNCyIOo::action=get::Is an Array with size of: 1 and with name keys of: (data), and with values of: (t), Url Received: (user/requests), date: 2018-09-11 00:21:37
IP: ::1, Error in : Crud, Description: PDOException: SQLSTATE[42000]: Syntax error or access violation: 1064 You have an error in your SQL syntax; check the manual that corresponds to your MariaDB server version for the right syntax to use near 'FROM uservic_budget_requests INNER JOIN uservic_services INNER JOIN uservic_user' at line 1 in C:\Users\ivanm\Documents\proyectos_web\uservic_test\App\Models\CrudHelper\Crud.php:23
Stack trace:
#0 C:\Users\ivanm\Documents\proyectos_web\uservic_test\App\Models\CrudHelper\Crud.php(23): PDOStatement->execute()
#1 C:\Users\ivanm\Documents\proyectos_web\uservic_test\App\Models\User\BudgetRequests\Requests.php(60): App\Models\CrudHelper\Crud::get('SELECT uservic_...', Array)
#2 C:\Users\ivanm\Documents\proyectos_web\uservic_test\App\Models\User\BudgetRequests\Requests.php(22): App\Models\User\BudgetRequests\Requests->getById()
#3 C:\Users\ivanm\Documents\proyectos_web\uservic_test\App\Controllers\Helpers\User\BudgetRequests\Requests.php(20): App\Models\User\BudgetRequests\Requests->get()
#4 C:\Users\ivanm\Documents\proyectos_web\uservic_test\App\Controllers\Main\Main.php(17): App\Controllers\Helpers\User\BudgetRequests\Requests->get()
#5 C:\Users\ivanm\Documents\proyectos_web\uservic_test\App\Controllers\Main\Standard\Standard.php(55): App\Controllers\Main\Main->callMethod('get', Array, 'User\\BudgetRequ...')
#6 C:\Users\ivanm\Documents\proyectos_web\uservic_test\Core\App.php(46): App\Controllers\Main\Standard\Standard->UserRequests('get')
#7 C:\Users\ivanm\Documents\proyectos_web\uservic_test\public\index.php(30): Core\App->__construct()
#8 {main}, info_Received: token=eyJ0eXAiOiJKV1QiLCJhbGciOiJIUzI1NiJ9.eyJlbWFpbCI6Iml2YW5AaXZhbi5jb20iLCJ0aW1ldXNlciI6ImUyZmJlOGNlZGNjMWNhNzVhODI0YmZiNWZhMDFjMTUwNjhlYzgxODIwY2JlNTczMGEyMmVkNDVlZDFhYzZkN2IiLCJpbWFnZSI6ImI5MjJiNGFmMDAzYjExYzI5NjU3OGMzOGUzOTYzZDEyLmpwZyIsInVzZXJuYW1lIjoiaXZhbm1sYXIiLCJpYXQiOjE1MzYyNDQ5OTgsImV4cCI6MTUzODgzNjk5OH0.xAf-7tc-OkuEynSWKCMddik1j3aBRdfBV-DPtNCyIOo::action=get::Is an Array with size of: 1 and with name keys of: (data), and with values of: (t), Url Received: (user/requests), date: 2018-09-11 00:23:05
IP: ::1, Error in : Crud, Description: PDOException: SQLSTATE[42000]: Syntax error or access violation: 1064 You have an error in your SQL syntax; check the manual that corresponds to your MariaDB server version for the right syntax to use near 'FROM uservic_budget_requests INNER JOIN uservic_services INNER JOIN uservic_user' at line 1 in C:\Users\ivanm\Documents\proyectos_web\uservic_test\App\Models\CrudHelper\Crud.php:23
Stack trace:
#0 C:\Users\ivanm\Documents\proyectos_web\uservic_test\App\Models\CrudHelper\Crud.php(23): PDOStatement->execute()
#1 C:\Users\ivanm\Documents\proyectos_web\uservic_test\App\Models\User\BudgetRequests\Requests.php(61): App\Models\CrudHelper\Crud::get('SELECT uservic_...', Array)
#2 C:\Users\ivanm\Documents\proyectos_web\uservic_test\App\Models\User\BudgetRequests\Requests.php(22): App\Models\User\BudgetRequests\Requests->getById()
#3 C:\Users\ivanm\Documents\proyectos_web\uservic_test\App\Controllers\Helpers\User\BudgetRequests\Requests.php(20): App\Models\User\BudgetRequests\Requests->get()
#4 C:\Users\ivanm\Documents\proyectos_web\uservic_test\App\Controllers\Main\Main.php(17): App\Controllers\Helpers\User\BudgetRequests\Requests->get()
#5 C:\Users\ivanm\Documents\proyectos_web\uservic_test\App\Controllers\Main\Standard\Standard.php(55): App\Controllers\Main\Main->callMethod('get', Array, 'User\\BudgetRequ...')
#6 C:\Users\ivanm\Documents\proyectos_web\uservic_test\Core\App.php(46): App\Controllers\Main\Standard\Standard->UserRequests('get')
#7 C:\Users\ivanm\Documents\proyectos_web\uservic_test\public\index.php(30): Core\App->__construct()
#8 {main}, info_Received: token=eyJ0eXAiOiJKV1QiLCJhbGciOiJIUzI1NiJ9.eyJlbWFpbCI6Iml2YW5AaXZhbi5jb20iLCJ0aW1ldXNlciI6ImUyZmJlOGNlZGNjMWNhNzVhODI0YmZiNWZhMDFjMTUwNjhlYzgxODIwY2JlNTczMGEyMmVkNDVlZDFhYzZkN2IiLCJpbWFnZSI6ImI5MjJiNGFmMDAzYjExYzI5NjU3OGMzOGUzOTYzZDEyLmpwZyIsInVzZXJuYW1lIjoiaXZhbm1sYXIiLCJpYXQiOjE1MzYyNDQ5OTgsImV4cCI6MTUzODgzNjk5OH0.xAf-7tc-OkuEynSWKCMddik1j3aBRdfBV-DPtNCyIOo::action=get::Is an Array with size of: 1 and with name keys of: (data), and with values of: (t), Url Received: (user/requests), date: 2018-09-11 00:23:34
IP: ::1, Error in : Crud, Description: PDOException: SQLSTATE[42000]: Syntax error or access violation: 1064 You have an error in your SQL syntax; check the manual that corresponds to your MariaDB server version for the right syntax to use near 'FROM uservic_budget_requests INNER JOIN uservic_services INNER JOIN uservic_user' at line 1 in C:\Users\ivanm\Documents\proyectos_web\uservic_test\App\Models\CrudHelper\Crud.php:23
Stack trace:
#0 C:\Users\ivanm\Documents\proyectos_web\uservic_test\App\Models\CrudHelper\Crud.php(23): PDOStatement->execute()
#1 C:\Users\ivanm\Documents\proyectos_web\uservic_test\App\Models\User\BudgetRequests\Requests.php(61): App\Models\CrudHelper\Crud::get('SELECT uservic_...', Array)
#2 C:\Users\ivanm\Documents\proyectos_web\uservic_test\App\Models\User\BudgetRequests\Requests.php(22): App\Models\User\BudgetRequests\Requests->getById()
#3 C:\Users\ivanm\Documents\proyectos_web\uservic_test\App\Controllers\Helpers\User\BudgetRequests\Requests.php(20): App\Models\User\BudgetRequests\Requests->get()
#4 C:\Users\ivanm\Documents\proyectos_web\uservic_test\App\Controllers\Main\Main.php(17): App\Controllers\Helpers\User\BudgetRequests\Requests->get()
#5 C:\Users\ivanm\Documents\proyectos_web\uservic_test\App\Controllers\Main\Standard\Standard.php(55): App\Controllers\Main\Main->callMethod('get', Array, 'User\\BudgetRequ...')
#6 C:\Users\ivanm\Documents\proyectos_web\uservic_test\Core\App.php(46): App\Controllers\Main\Standard\Standard->UserRequests('get')
#7 C:\Users\ivanm\Documents\proyectos_web\uservic_test\public\index.php(30): Core\App->__construct()
#8 {main}, info_Received: token=eyJ0eXAiOiJKV1QiLCJhbGciOiJIUzI1NiJ9.eyJlbWFpbCI6Iml2YW5AaXZhbi5jb20iLCJ0aW1ldXNlciI6ImUyZmJlOGNlZGNjMWNhNzVhODI0YmZiNWZhMDFjMTUwNjhlYzgxODIwY2JlNTczMGEyMmVkNDVlZDFhYzZkN2IiLCJpbWFnZSI6ImI5MjJiNGFmMDAzYjExYzI5NjU3OGMzOGUzOTYzZDEyLmpwZyIsInVzZXJuYW1lIjoiaXZhbm1sYXIiLCJpYXQiOjE1MzYyNDQ5OTgsImV4cCI6MTUzODgzNjk5OH0.xAf-7tc-OkuEynSWKCMddik1j3aBRdfBV-DPtNCyIOo::action=get::Is an Array with size of: 1 and with name keys of: (data), and with values of: (t), Url Received: (user/requests), date: 2018-09-11 00:24:13
IP: ::1, Error in : Crud, Description: PDOException: SQLSTATE[42000]: Syntax error or access violation: 1064 You have an error in your SQL syntax; check the manual that corresponds to your MariaDB server version for the right syntax to use near 'FROM uservic_budget_requests INNER JOIN uservic_services INNER JOIN uservic_user' at line 1 in C:\Users\ivanm\Documents\proyectos_web\uservic_test\App\Models\CrudHelper\Crud.php:23
Stack trace:
#0 C:\Users\ivanm\Documents\proyectos_web\uservic_test\App\Models\CrudHelper\Crud.php(23): PDOStatement->execute()
#1 C:\Users\ivanm\Documents\proyectos_web\uservic_test\App\Models\User\BudgetRequests\Requests.php(61): App\Models\CrudHelper\Crud::get('SELECT uservic_...', Array)
#2 C:\Users\ivanm\Documents\proyectos_web\uservic_test\App\Models\User\BudgetRequests\Requests.php(22): App\Models\User\BudgetRequests\Requests->getById()
#3 C:\Users\ivanm\Documents\proyectos_web\uservic_test\App\Controllers\Helpers\User\BudgetRequests\Requests.php(20): App\Models\User\BudgetRequests\Requests->get()
#4 C:\Users\ivanm\Documents\proyectos_web\uservic_test\App\Controllers\Main\Main.php(17): App\Controllers\Helpers\User\BudgetRequests\Requests->get()
#5 C:\Users\ivanm\Documents\proyectos_web\uservic_test\App\Controllers\Main\Standard\Standard.php(55): App\Controllers\Main\Main->callMethod('get', Array, 'User\\BudgetRequ...')
#6 C:\Users\ivanm\Documents\proyectos_web\uservic_test\Core\App.php(46): App\Controllers\Main\Standard\Standard->UserRequests('get')
#7 C:\Users\ivanm\Documents\proyectos_web\uservic_test\public\index.php(30): Core\App->__construct()
#8 {main}, info_Received: token=eyJ0eXAiOiJKV1QiLCJhbGciOiJIUzI1NiJ9.eyJlbWFpbCI6Iml2YW5AaXZhbi5jb20iLCJ0aW1ldXNlciI6ImUyZmJlOGNlZGNjMWNhNzVhODI0YmZiNWZhMDFjMTUwNjhlYzgxODIwY2JlNTczMGEyMmVkNDVlZDFhYzZkN2IiLCJpbWFnZSI6ImI5MjJiNGFmMDAzYjExYzI5NjU3OGMzOGUzOTYzZDEyLmpwZyIsInVzZXJuYW1lIjoiaXZhbm1sYXIiLCJpYXQiOjE1MzYyNDQ5OTgsImV4cCI6MTUzODgzNjk5OH0.xAf-7tc-OkuEynSWKCMddik1j3aBRdfBV-DPtNCyIOo::action=get::Is an Array with size of: 1 and with name keys of: (data), and with values of: (t), Url Received: (user/requests), date: 2018-09-11 00:24:28
IP: ::1, Error in : Crud, Description: PDOException: SQLSTATE[42000]: Syntax error or access violation: 1064 You have an error in your SQL syntax; check the manual that corresponds to your MariaDB server version for the right syntax to use near 'FROM uservic_budget_requests INNER JOIN uservic_services INNER JOIN uservic_user' at line 1 in C:\Users\ivanm\Documents\proyectos_web\uservic_test\App\Models\CrudHelper\Crud.php:23
Stack trace:
#0 C:\Users\ivanm\Documents\proyectos_web\uservic_test\App\Models\CrudHelper\Crud.php(23): PDOStatement->execute()
#1 C:\Users\ivanm\Documents\proyectos_web\uservic_test\App\Models\User\BudgetRequests\Requests.php(61): App\Models\CrudHelper\Crud::get('SELECT uservic_...', Array)
#2 C:\Users\ivanm\Documents\proyectos_web\uservic_test\App\Models\User\BudgetRequests\Requests.php(22): App\Models\User\BudgetRequests\Requests->getById()
#3 C:\Users\ivanm\Documents\proyectos_web\uservic_test\App\Controllers\Helpers\User\BudgetRequests\Requests.php(20): App\Models\User\BudgetRequests\Requests->get()
#4 C:\Users\ivanm\Documents\proyectos_web\uservic_test\App\Controllers\Main\Main.php(17): App\Controllers\Helpers\User\BudgetRequests\Requests->get()
#5 C:\Users\ivanm\Documents\proyectos_web\uservic_test\App\Controllers\Main\Standard\Standard.php(55): App\Controllers\Main\Main->callMethod('get', Array, 'User\\BudgetRequ...')
#6 C:\Users\ivanm\Documents\proyectos_web\uservic_test\Core\App.php(46): App\Controllers\Main\Standard\Standard->UserRequests('get')
#7 C:\Users\ivanm\Documents\proyectos_web\uservic_test\public\index.php(30): Core\App->__construct()
#8 {main}, info_Received: token=eyJ0eXAiOiJKV1QiLCJhbGciOiJIUzI1NiJ9.eyJlbWFpbCI6Iml2YW5AaXZhbi5jb20iLCJ0aW1ldXNlciI6ImUyZmJlOGNlZGNjMWNhNzVhODI0YmZiNWZhMDFjMTUwNjhlYzgxODIwY2JlNTczMGEyMmVkNDVlZDFhYzZkN2IiLCJpbWFnZSI6ImI5MjJiNGFmMDAzYjExYzI5NjU3OGMzOGUzOTYzZDEyLmpwZyIsInVzZXJuYW1lIjoiaXZhbm1sYXIiLCJpYXQiOjE1MzYyNDQ5OTgsImV4cCI6MTUzODgzNjk5OH0.xAf-7tc-OkuEynSWKCMddik1j3aBRdfBV-DPtNCyIOo::action=get::Is an Array with size of: 1 and with name keys of: (data), and with values of: (t), Url Received: (user/requests), date: 2018-09-11 00:25:55
IP: ::1, Error in : Crud, Description: PDOException: SQLSTATE[42000]: Syntax error or access violation: 1064 You have an error in your SQL syntax; check the manual that corresponds to your MariaDB server version for the right syntax to use near 'FROM uservic_budget_requests INNER JOIN uservic_services INNER JOIN uservic_user' at line 1 in C:\Users\ivanm\Documents\proyectos_web\uservic_test\App\Models\CrudHelper\Crud.php:23
Stack trace:
#0 C:\Users\ivanm\Documents\proyectos_web\uservic_test\App\Models\CrudHelper\Crud.php(23): PDOStatement->execute()
#1 C:\Users\ivanm\Documents\proyectos_web\uservic_test\App\Models\User\BudgetRequests\Requests.php(61): App\Models\CrudHelper\Crud::get('SELECT uservic_...', Array)
#2 C:\Users\ivanm\Documents\proyectos_web\uservic_test\App\Models\User\BudgetRequests\Requests.php(22): App\Models\User\BudgetRequests\Requests->getById()
#3 C:\Users\ivanm\Documents\proyectos_web\uservic_test\App\Controllers\Helpers\User\BudgetRequests\Requests.php(20): App\Models\User\BudgetRequests\Requests->get()
#4 C:\Users\ivanm\Documents\proyectos_web\uservic_test\App\Controllers\Main\Main.php(17): App\Controllers\Helpers\User\BudgetRequests\Requests->get()
#5 C:\Users\ivanm\Documents\proyectos_web\uservic_test\App\Controllers\Main\Standard\Standard.php(55): App\Controllers\Main\Main->callMethod('get', Array, 'User\\BudgetRequ...')
#6 C:\Users\ivanm\Documents\proyectos_web\uservic_test\Core\App.php(46): App\Controllers\Main\Standard\Standard->UserRequests('get')
#7 C:\Users\ivanm\Documents\proyectos_web\uservic_test\public\index.php(30): Core\App->__construct()
#8 {main}, info_Received: token=eyJ0eXAiOiJKV1QiLCJhbGciOiJIUzI1NiJ9.eyJlbWFpbCI6Iml2YW5AaXZhbi5jb20iLCJ0aW1ldXNlciI6ImUyZmJlOGNlZGNjMWNhNzVhODI0YmZiNWZhMDFjMTUwNjhlYzgxODIwY2JlNTczMGEyMmVkNDVlZDFhYzZkN2IiLCJpbWFnZSI6ImI5MjJiNGFmMDAzYjExYzI5NjU3OGMzOGUzOTYzZDEyLmpwZyIsInVzZXJuYW1lIjoiaXZhbm1sYXIiLCJpYXQiOjE1MzYyNDQ5OTgsImV4cCI6MTUzODgzNjk5OH0.xAf-7tc-OkuEynSWKCMddik1j3aBRdfBV-DPtNCyIOo::action=get::Is an Array with size of: 1 and with name keys of: (data), and with values of: (t), Url Received: (user/requests), date: 2018-09-11 00:27:03
IP: ::1, Error in : Crud, Description: PDOException: SQLSTATE[42S22]: Column not found: 1054 Unknown column 'nCostumer' in 'field list' in C:\Users\ivanm\Documents\proyectos_web\uservic_test\App\Models\CrudHelper\Crud.php:23
Stack trace:
#0 C:\Users\ivanm\Documents\proyectos_web\uservic_test\App\Models\CrudHelper\Crud.php(23): PDOStatement->execute()
#1 C:\Users\ivanm\Documents\proyectos_web\uservic_test\App\Models\User\BudgetRequests\Requests.php(61): App\Models\CrudHelper\Crud::get('SELECT uservic_...', Array)
#2 C:\Users\ivanm\Documents\proyectos_web\uservic_test\App\Models\User\BudgetRequests\Requests.php(22): App\Models\User\BudgetRequests\Requests->getById()
#3 C:\Users\ivanm\Documents\proyectos_web\uservic_test\App\Controllers\Helpers\User\BudgetRequests\Requests.php(20): App\Models\User\BudgetRequests\Requests->get()
#4 C:\Users\ivanm\Documents\proyectos_web\uservic_test\App\Controllers\Main\Main.php(17): App\Controllers\Helpers\User\BudgetRequests\Requests->get()
#5 C:\Users\ivanm\Documents\proyectos_web\uservic_test\App\Controllers\Main\Standard\Standard.php(55): App\Controllers\Main\Main->callMethod('get', Array, 'User\\BudgetRequ...')
#6 C:\Users\ivanm\Documents\proyectos_web\uservic_test\Core\App.php(46): App\Controllers\Main\Standard\Standard->UserRequests('get')
#7 C:\Users\ivanm\Documents\proyectos_web\uservic_test\public\index.php(30): Core\App->__construct()
#8 {main}, info_Received: token=eyJ0eXAiOiJKV1QiLCJhbGciOiJIUzI1NiJ9.eyJlbWFpbCI6Iml2YW5AaXZhbi5jb20iLCJ0aW1ldXNlciI6ImUyZmJlOGNlZGNjMWNhNzVhODI0YmZiNWZhMDFjMTUwNjhlYzgxODIwY2JlNTczMGEyMmVkNDVlZDFhYzZkN2IiLCJpbWFnZSI6ImI5MjJiNGFmMDAzYjExYzI5NjU3OGMzOGUzOTYzZDEyLmpwZyIsInVzZXJuYW1lIjoiaXZhbm1sYXIiLCJpYXQiOjE1MzYyNDQ5OTgsImV4cCI6MTUzODgzNjk5OH0.xAf-7tc-OkuEynSWKCMddik1j3aBRdfBV-DPtNCyIOo::action=get::Is an Array with size of: 1 and with name keys of: (data), and with values of: (t), Url Received: (user/requests), date: 2018-09-11 00:30:41
IP: ::1, Error in : Crud, Description: PDOException: SQLSTATE[42S22]: Column not found: 1054 Unknown column 'nCostumer' in 'field list' in C:\Users\ivanm\Documents\proyectos_web\uservic_test\App\Models\CrudHelper\Crud.php:23
Stack trace:
#0 C:\Users\ivanm\Documents\proyectos_web\uservic_test\App\Models\CrudHelper\Crud.php(23): PDOStatement->execute()
#1 C:\Users\ivanm\Documents\proyectos_web\uservic_test\App\Models\User\BudgetRequests\Requests.php(61): App\Models\CrudHelper\Crud::get('SELECT uservic_...', Array)
#2 C:\Users\ivanm\Documents\proyectos_web\uservic_test\App\Models\User\BudgetRequests\Requests.php(22): App\Models\User\BudgetRequests\Requests->getById()
#3 C:\Users\ivanm\Documents\proyectos_web\uservic_test\App\Controllers\Helpers\User\BudgetRequests\Requests.php(20): App\Models\User\BudgetRequests\Requests->get()
#4 C:\Users\ivanm\Documents\proyectos_web\uservic_test\App\Controllers\Main\Main.php(17): App\Controllers\Helpers\User\BudgetRequests\Requests->get()
#5 C:\Users\ivanm\Documents\proyectos_web\uservic_test\App\Controllers\Main\Standard\Standard.php(55): App\Controllers\Main\Main->callMethod('get', Array, 'User\\BudgetRequ...')
#6 C:\Users\ivanm\Documents\proyectos_web\uservic_test\Core\App.php(46): App\Controllers\Main\Standard\Standard->UserRequests('get')
#7 C:\Users\ivanm\Documents\proyectos_web\uservic_test\public\index.php(30): Core\App->__construct()
#8 {main}, info_Received: token=eyJ0eXAiOiJKV1QiLCJhbGciOiJIUzI1NiJ9.eyJlbWFpbCI6Iml2YW5AaXZhbi5jb20iLCJ0aW1ldXNlciI6ImUyZmJlOGNlZGNjMWNhNzVhODI0YmZiNWZhMDFjMTUwNjhlYzgxODIwY2JlNTczMGEyMmVkNDVlZDFhYzZkN2IiLCJpbWFnZSI6ImI5MjJiNGFmMDAzYjExYzI5NjU3OGMzOGUzOTYzZDEyLmpwZyIsInVzZXJuYW1lIjoiaXZhbm1sYXIiLCJpYXQiOjE1MzYyNDQ5OTgsImV4cCI6MTUzODgzNjk5OH0.xAf-7tc-OkuEynSWKCMddik1j3aBRdfBV-DPtNCyIOo::action=get::Is an Array with size of: 1 and with name keys of: (data), and with values of: (t), Url Received: (user/requests), date: 2018-09-11 00:32:13
IP: ::1, Error in : Crud, Description: PDOException: SQLSTATE[42S22]: Column not found: 1054 Unknown column 'nCostumer' in 'field list' in C:\Users\ivanm\Documents\proyectos_web\uservic_test\App\Models\CrudHelper\Crud.php:23
Stack trace:
#0 C:\Users\ivanm\Documents\proyectos_web\uservic_test\App\Models\CrudHelper\Crud.php(23): PDOStatement->execute()
#1 C:\Users\ivanm\Documents\proyectos_web\uservic_test\App\Models\User\BudgetRequests\Requests.php(61): App\Models\CrudHelper\Crud::get('SELECT uservic_...', Array)
#2 C:\Users\ivanm\Documents\proyectos_web\uservic_test\App\Models\User\BudgetRequests\Requests.php(22): App\Models\User\BudgetRequests\Requests->getById()
#3 C:\Users\ivanm\Documents\proyectos_web\uservic_test\App\Controllers\Helpers\User\BudgetRequests\Requests.php(20): App\Models\User\BudgetRequests\Requests->get()
#4 C:\Users\ivanm\Documents\proyectos_web\uservic_test\App\Controllers\Main\Main.php(17): App\Controllers\Helpers\User\BudgetRequests\Requests->get()
#5 C:\Users\ivanm\Documents\proyectos_web\uservic_test\App\Controllers\Main\Standard\Standard.php(55): App\Controllers\Main\Main->callMethod('get', Array, 'User\\BudgetRequ...')
#6 C:\Users\ivanm\Documents\proyectos_web\uservic_test\Core\App.php(46): App\Controllers\Main\Standard\Standard->UserRequests('get')
#7 C:\Users\ivanm\Documents\proyectos_web\uservic_test\public\index.php(30): Core\App->__construct()
#8 {main}, info_Received: token=eyJ0eXAiOiJKV1QiLCJhbGciOiJIUzI1NiJ9.eyJlbWFpbCI6Iml2YW5AaXZhbi5jb20iLCJ0aW1ldXNlciI6ImUyZmJlOGNlZGNjMWNhNzVhODI0YmZiNWZhMDFjMTUwNjhlYzgxODIwY2JlNTczMGEyMmVkNDVlZDFhYzZkN2IiLCJpbWFnZSI6ImI5MjJiNGFmMDAzYjExYzI5NjU3OGMzOGUzOTYzZDEyLmpwZyIsInVzZXJuYW1lIjoiaXZhbm1sYXIiLCJpYXQiOjE1MzYyNDQ5OTgsImV4cCI6MTUzODgzNjk5OH0.xAf-7tc-OkuEynSWKCMddik1j3aBRdfBV-DPtNCyIOo::action=get::Is an Array with size of: 1 and with name keys of: (data), and with values of: (t), Url Received: (user/requests), date: 2018-09-11 00:33:45
IP: ::1, Error in : Crud, Description: PDOException: SQLSTATE[42S22]: Column not found: 1054 Unknown column 'nCostumer' in 'field list' in C:\Users\ivanm\Documents\proyectos_web\uservic_test\App\Models\CrudHelper\Crud.php:23
Stack trace:
#0 C:\Users\ivanm\Documents\proyectos_web\uservic_test\App\Models\CrudHelper\Crud.php(23): PDOStatement->execute()
#1 C:\Users\ivanm\Documents\proyectos_web\uservic_test\App\Models\User\BudgetRequests\Requests.php(61): App\Models\CrudHelper\Crud::get('SELECT uservic_...', Array)
#2 C:\Users\ivanm\Documents\proyectos_web\uservic_test\App\Models\User\BudgetRequests\Requests.php(22): App\Models\User\BudgetRequests\Requests->getById()
#3 C:\Users\ivanm\Documents\proyectos_web\uservic_test\App\Controllers\Helpers\User\BudgetRequests\Requests.php(20): App\Models\User\BudgetRequests\Requests->get()
#4 C:\Users\ivanm\Documents\proyectos_web\uservic_test\App\Controllers\Main\Main.php(17): App\Controllers\Helpers\User\BudgetRequests\Requests->get()
#5 C:\Users\ivanm\Documents\proyectos_web\uservic_test\App\Controllers\Main\Standard\Standard.php(55): App\Controllers\Main\Main->callMethod('get', Array, 'User\\BudgetRequ...')
#6 C:\Users\ivanm\Documents\proyectos_web\uservic_test\Core\App.php(46): App\Controllers\Main\Standard\Standard->UserRequests('get')
#7 C:\Users\ivanm\Documents\proyectos_web\uservic_test\public\index.php(30): Core\App->__construct()
#8 {main}, info_Received: token=eyJ0eXAiOiJKV1QiLCJhbGciOiJIUzI1NiJ9.eyJlbWFpbCI6Iml2YW5AaXZhbi5jb20iLCJ0aW1ldXNlciI6ImUyZmJlOGNlZGNjMWNhNzVhODI0YmZiNWZhMDFjMTUwNjhlYzgxODIwY2JlNTczMGEyMmVkNDVlZDFhYzZkN2IiLCJpbWFnZSI6ImI5MjJiNGFmMDAzYjExYzI5NjU3OGMzOGUzOTYzZDEyLmpwZyIsInVzZXJuYW1lIjoiaXZhbm1sYXIiLCJpYXQiOjE1MzYyNDQ5OTgsImV4cCI6MTUzODgzNjk5OH0.xAf-7tc-OkuEynSWKCMddik1j3aBRdfBV-DPtNCyIOo::action=get::Is an Array with size of: 1 and with name keys of: (data), and with values of: (t), Url Received: (user/requests), date: 2018-09-11 00:34:18
IP: ::1, Error in : Crud, Description: PDOException: SQLSTATE[42000]: Syntax error or access violation: 1064 You have an error in your SQL syntax; check the manual that corresponds to your MariaDB server version for the right syntax to use near '= null, true, false) as nCostumer FROM uservic_budget_requests INNER JOIN uservi' at line 1 in C:\Users\ivanm\Documents\proyectos_web\uservic_test\App\Models\CrudHelper\Crud.php:23
Stack trace:
#0 C:\Users\ivanm\Documents\proyectos_web\uservic_test\App\Models\CrudHelper\Crud.php(23): PDOStatement->execute()
#1 C:\Users\ivanm\Documents\proyectos_web\uservic_test\App\Models\User\BudgetRequests\Requests.php(60): App\Models\CrudHelper\Crud::get('SELECT uservic_...', Array)
#2 C:\Users\ivanm\Documents\proyectos_web\uservic_test\App\Models\User\BudgetRequests\Requests.php(22): App\Models\User\BudgetRequests\Requests->getById()
#3 C:\Users\ivanm\Documents\proyectos_web\uservic_test\App\Controllers\Helpers\User\BudgetRequests\Requests.php(20): App\Models\User\BudgetRequests\Requests->get()
#4 C:\Users\ivanm\Documents\proyectos_web\uservic_test\App\Controllers\Main\Main.php(17): App\Controllers\Helpers\User\BudgetRequests\Requests->get()
#5 C:\Users\ivanm\Documents\proyectos_web\uservic_test\App\Controllers\Main\Standard\Standard.php(55): App\Controllers\Main\Main->callMethod('get', Array, 'User\\BudgetRequ...')
#6 C:\Users\ivanm\Documents\proyectos_web\uservic_test\Core\App.php(46): App\Controllers\Main\Standard\Standard->UserRequests('get')
#7 C:\Users\ivanm\Documents\proyectos_web\uservic_test\public\index.php(30): Core\App->__construct()
#8 {main}, info_Received: token=eyJ0eXAiOiJKV1QiLCJhbGciOiJIUzI1NiJ9.eyJlbWFpbCI6Iml2YW5AaXZhbi5jb20iLCJ0aW1ldXNlciI6ImUyZmJlOGNlZGNjMWNhNzVhODI0YmZiNWZhMDFjMTUwNjhlYzgxODIwY2JlNTczMGEyMmVkNDVlZDFhYzZkN2IiLCJpbWFnZSI6ImI5MjJiNGFmMDAzYjExYzI5NjU3OGMzOGUzOTYzZDEyLmpwZyIsInVzZXJuYW1lIjoiaXZhbm1sYXIiLCJpYXQiOjE1MzYyNDQ5OTgsImV4cCI6MTUzODgzNjk5OH0.xAf-7tc-OkuEynSWKCMddik1j3aBRdfBV-DPtNCyIOo::action=get::Is an Array with size of: 1 and with name keys of: (data), and with values of: (t), Url Received: (user/requests), date: 2018-09-11 00:42:08
