IP: ::1, Error in : Crud, Description: PDOException: SQLSTATE[42000]: Syntax error or access violation: 1064 You have an error in your SQL syntax; check the manual that corresponds to your MariaDB server version for the right syntax to use near ' uservic_budget_requests.service as service_id, uservic_budget_requests.descript' at line 1 in C:\Users\ivanm\Documents\proyectos_web\uservic_test\App\Models\CrudHelper\Crud.php:23
Stack trace:
#0 C:\Users\ivanm\Documents\proyectos_web\uservic_test\App\Models\CrudHelper\Crud.php(23): PDOStatement->execute()
#1 C:\Users\ivanm\Documents\proyectos_web\uservic_test\App\Models\User\BudgetRequests\Requests.php(60): App\Models\CrudHelper\Crud::get('SELECT uservic_...', Array)
#2 C:\Users\ivanm\Documents\proyectos_web\uservic_test\App\Models\User\BudgetRequests\Requests.php(22): App\Models\User\BudgetRequests\Requests->getById()
#3 C:\Users\ivanm\Documents\proyectos_web\uservic_test\App\Controllers\Helpers\User\BudgetRequests\Requests.php(20): App\Models\User\BudgetRequests\Requests->get()
#4 C:\Users\ivanm\Documents\proyectos_web\uservic_test\App\Controllers\Main\Main.php(17): App\Controllers\Helpers\User\BudgetRequests\Requests->get()
#5 C:\Users\ivanm\Documents\proyectos_web\uservic_test\App\Controllers\Main\Standard\Standard.php(55): App\Controllers\Main\Main->callMethod('get', Array, 'User\\BudgetRequ...')
#6 C:\Users\ivanm\Documents\proyectos_web\uservic_test\Core\App.php(46): App\Controllers\Main\Standard\Standard->UserRequests('get')
#7 C:\Users\ivanm\Documents\proyectos_web\uservic_test\public\index.php(30): Core\App->__construct()
#8 {main}, info_Received: token=eyJ0eXAiOiJKV1QiLCJhbGciOiJIUzI1NiJ9.eyJlbWFpbCI6Iml2YW5AaXZhbi5jb20iLCJ0aW1ldXNlciI6ImUyZmJlOGNlZGNjMWNhNzVhODI0YmZiNWZhMDFjMTUwNjhlYzgxODIwY2JlNTczMGEyMmVkNDVlZDFhYzZkN2IiLCJpbWFnZSI6ImI5MjJiNGFmMDAzYjExYzI5NjU3OGMzOGUzOTYzZDEyLmpwZyIsInVzZXJuYW1lIjoiaXZhbm1sYXIiLCJpYXQiOjE1MzYyNDQ5OTgsImV4cCI6MTUzODgzNjk5OH0.xAf-7tc-OkuEynSWKCMddik1j3aBRdfBV-DPtNCyIOo::action=get::Is an Array with size of: 1 and with name keys of: (data), and with values of: (t), Url Received: (user/requests), date: 2018-09-12 18:43:21
IP: ::1, Error in : Crud, Description: PDOException: SQLSTATE[42000]: Syntax error or access violation: 1064 You have an error in your SQL syntax; check the manual that corresponds to your MariaDB server version for the right syntax to use near ' uservic_budget_requests.id_pvt_service as service_id, uservic_budget_requests.d' at line 1 in C:\Users\ivanm\Documents\proyectos_web\uservic_test\App\Models\CrudHelper\Crud.php:23
Stack trace:
#0 C:\Users\ivanm\Documents\proyectos_web\uservic_test\App\Models\CrudHelper\Crud.php(23): PDOStatement->execute()
#1 C:\Users\ivanm\Documents\proyectos_web\uservic_test\App\Models\User\BudgetRequests\Requests.php(60): App\Models\CrudHelper\Crud::get('SELECT uservic_...', Array)
#2 C:\Users\ivanm\Documents\proyectos_web\uservic_test\App\Models\User\BudgetRequests\Requests.php(22): App\Models\User\BudgetRequests\Requests->getById()
#3 C:\Users\ivanm\Documents\proyectos_web\uservic_test\App\Controllers\Helpers\User\BudgetRequests\Requests.php(20): App\Models\User\BudgetRequests\Requests->get()
#4 C:\Users\ivanm\Documents\proyectos_web\uservic_test\App\Controllers\Main\Main.php(17): App\Controllers\Helpers\User\BudgetRequests\Requests->get()
#5 C:\Users\ivanm\Documents\proyectos_web\uservic_test\App\Controllers\Main\Standard\Standard.php(55): App\Controllers\Main\Main->callMethod('get', Array, 'User\\BudgetRequ...')
#6 C:\Users\ivanm\Documents\proyectos_web\uservic_test\Core\App.php(46): App\Controllers\Main\Standard\Standard->UserRequests('get')
#7 C:\Users\ivanm\Documents\proyectos_web\uservic_test\public\index.php(30): Core\App->__construct()
#8 {main}, info_Received: token=eyJ0eXAiOiJKV1QiLCJhbGciOiJIUzI1NiJ9.eyJlbWFpbCI6Iml2YW5AaXZhbi5jb20iLCJ0aW1ldXNlciI6ImUyZmJlOGNlZGNjMWNhNzVhODI0YmZiNWZhMDFjMTUwNjhlYzgxODIwY2JlNTczMGEyMmVkNDVlZDFhYzZkN2IiLCJpbWFnZSI6ImI5MjJiNGFmMDAzYjExYzI5NjU3OGMzOGUzOTYzZDEyLmpwZyIsInVzZXJuYW1lIjoiaXZhbm1sYXIiLCJpYXQiOjE1MzYyNDQ5OTgsImV4cCI6MTUzODgzNjk5OH0.xAf-7tc-OkuEynSWKCMddik1j3aBRdfBV-DPtNCyIOo::action=get::Is an Array with size of: 1 and with name keys of: (data), and with values of: (t), Url Received: (user/requests), date: 2018-09-12 18:43:42
