IP: ::1, Error in : Crud, Description: PDOException: SQLSTATE[42S22]: Column not found: 1054 Unknown column 'country_ids' in 'where clause' in C:\Users\ivanm\Documents\proyectos_web\php\proyectos\uservic\App\Models\CrudHelper\Crud.php:24
Stack trace:
#0 C:\Users\ivanm\Documents\proyectos_web\php\proyectos\uservic\App\Models\CrudHelper\Crud.php(24): PDOStatement->execute()
#1 C:\Users\ivanm\Documents\proyectos_web\php\proyectos\uservic\App\Models\Coverage\Coverage.php(33): App\Models\CrudHelper\Crud::get('SELECT * FROM u...', Array)
#2 C:\Users\ivanm\Documents\proyectos_web\php\proyectos\uservic\App\Models\Coverage\Coverage.php(16): App\Models\Coverage\Coverage->getById()
#3 C:\Users\ivanm\Documents\proyectos_web\php\proyectos\uservic\App\Controllers\Helpers\Coverage\Coverage.php(27): App\Models\Coverage\Coverage->get()
#4 C:\Users\ivanm\Documents\proyectos_web\php\proyectos\uservic\App\Controllers\Helpers\Coverage\Coverage.php(16): App\Controllers\Helpers\Coverage\Coverage->getCoverage('states', 'country', 10)
#5 C:\Users\ivanm\Documents\proyectos_web\php\proyectos\uservic\App\Controllers\Main\Main.php(17): App\Controllers\Helpers\Coverage\Coverage->getStates()
#6 C:\Users\ivanm\Documents\proyectos_web\php\proyectos\uservic\App\Controllers\Main\Guest\Guest.php(53): App\Controllers\Main\Main->callMethod('getStates', Array, 'Coverage\\Covera...')
#7 C:\Users\ivanm\Documents\proyectos_web\php\proyectos\uservic\Core\App.php(46): App\Controllers\Main\Guest\Guest->CoverageSearch('getStates')
#8 C:\Users\ivanm\Documents\proyectos_web\php\proyectos\uservic\public\index.php(30): Core\App->__construct()
#9 {main}, info_Received: id=10::action=getStates::, Url Received: (coverage/search), date: 2018-09-05 17:04:56
IP: ::1, Error in : Crud, Description: PDOException: SQLSTATE[42S22]: Column not found: 1054 Unknown column 'country_ids' in 'where clause' in C:\Users\ivanm\Documents\proyectos_web\php\proyectos\uservic\App\Models\CrudHelper\Crud.php:24
Stack trace:
#0 C:\Users\ivanm\Documents\proyectos_web\php\proyectos\uservic\App\Models\CrudHelper\Crud.php(24): PDOStatement->execute()
#1 C:\Users\ivanm\Documents\proyectos_web\php\proyectos\uservic\App\Models\Coverage\Coverage.php(33): App\Models\CrudHelper\Crud::get('SELECT * FROM u...', Array)
#2 C:\Users\ivanm\Documents\proyectos_web\php\proyectos\uservic\App\Models\Coverage\Coverage.php(16): App\Models\Coverage\Coverage->getById()
#3 C:\Users\ivanm\Documents\proyectos_web\php\proyectos\uservic\App\Controllers\Helpers\Coverage\Coverage.php(27): App\Models\Coverage\Coverage->get()
#4 C:\Users\ivanm\Documents\proyectos_web\php\proyectos\uservic\App\Controllers\Helpers\Coverage\Coverage.php(16): App\Controllers\Helpers\Coverage\Coverage->getCoverage('states', 'country', 10)
#5 C:\Users\ivanm\Documents\proyectos_web\php\proyectos\uservic\App\Controllers\Main\Main.php(17): App\Controllers\Helpers\Coverage\Coverage->getStates()
#6 C:\Users\ivanm\Documents\proyectos_web\php\proyectos\uservic\App\Controllers\Main\Guest\Guest.php(53): App\Controllers\Main\Main->callMethod('getStates', Array, 'Coverage\\Covera...')
#7 C:\Users\ivanm\Documents\proyectos_web\php\proyectos\uservic\Core\App.php(46): App\Controllers\Main\Guest\Guest->CoverageSearch('getStates')
#8 C:\Users\ivanm\Documents\proyectos_web\php\proyectos\uservic\public\index.php(30): Core\App->__construct()
#9 {main}, info_Received: id=10::action=getStates::, Url Received: (coverage/search), date: 2018-09-05 17:06:30
IP: ::1, Error in : Crud, Description: PDOException: SQLSTATE[42S22]: Column not found: 1054 Unknown column 'country_ids' in 'where clause' in C:\Users\ivanm\Documents\proyectos_web\php\proyectos\uservic\App\Models\CrudHelper\Crud.php:24
Stack trace:
#0 C:\Users\ivanm\Documents\proyectos_web\php\proyectos\uservic\App\Models\CrudHelper\Crud.php(24): PDOStatement->execute()
#1 C:\Users\ivanm\Documents\proyectos_web\php\proyectos\uservic\App\Models\Coverage\Coverage.php(33): App\Models\CrudHelper\Crud::get('SELECT * FROM u...', Array)
#2 C:\Users\ivanm\Documents\proyectos_web\php\proyectos\uservic\App\Models\Coverage\Coverage.php(16): App\Models\Coverage\Coverage->getById()
#3 C:\Users\ivanm\Documents\proyectos_web\php\proyectos\uservic\App\Controllers\Helpers\Coverage\Coverage.php(27): App\Models\Coverage\Coverage->get()
#4 C:\Users\ivanm\Documents\proyectos_web\php\proyectos\uservic\App\Controllers\Helpers\Coverage\Coverage.php(16): App\Controllers\Helpers\Coverage\Coverage->getCoverage('states', 'country', 10)
#5 C:\Users\ivanm\Documents\proyectos_web\php\proyectos\uservic\App\Controllers\Main\Main.php(17): App\Controllers\Helpers\Coverage\Coverage->getStates()
#6 C:\Users\ivanm\Documents\proyectos_web\php\proyectos\uservic\App\Controllers\Main\Guest\Guest.php(53): App\Controllers\Main\Main->callMethod('getStates', Array, 'Coverage\\Covera...')
#7 C:\Users\ivanm\Documents\proyectos_web\php\proyectos\uservic\Core\App.php(46): App\Controllers\Main\Guest\Guest->CoverageSearch('getStates')
#8 C:\Users\ivanm\Documents\proyectos_web\php\proyectos\uservic\public\index.php(30): Core\App->__construct()
#9 {main}, info_Received: id=10::action=getStates::, Url Received: (coverage/search), date: 2018-09-05 17:07:42
IP: ::1, Error in : Crud, Description: PDOException: SQLSTATE[42S22]: Column not found: 1054 Unknown column 'country_ids' in 'where clause' in C:\Users\ivanm\Documents\proyectos_web\php\proyectos\uservic\App\Models\CrudHelper\Crud.php:24
Stack trace:
#0 C:\Users\ivanm\Documents\proyectos_web\php\proyectos\uservic\App\Models\CrudHelper\Crud.php(24): PDOStatement->execute()
#1 C:\Users\ivanm\Documents\proyectos_web\php\proyectos\uservic\App\Models\Coverage\Coverage.php(33): App\Models\CrudHelper\Crud::get('SELECT * FROM u...', Array)
#2 C:\Users\ivanm\Documents\proyectos_web\php\proyectos\uservic\App\Models\Coverage\Coverage.php(16): App\Models\Coverage\Coverage->getById()
#3 C:\Users\ivanm\Documents\proyectos_web\php\proyectos\uservic\App\Controllers\Helpers\Coverage\Coverage.php(27): App\Models\Coverage\Coverage->get()
#4 C:\Users\ivanm\Documents\proyectos_web\php\proyectos\uservic\App\Controllers\Helpers\Coverage\Coverage.php(16): App\Controllers\Helpers\Coverage\Coverage->getCoverage('states', 'country', 10)
#5 C:\Users\ivanm\Documents\proyectos_web\php\proyectos\uservic\App\Controllers\Main\Main.php(17): App\Controllers\Helpers\Coverage\Coverage->getStates()
#6 C:\Users\ivanm\Documents\proyectos_web\php\proyectos\uservic\App\Controllers\Main\Guest\Guest.php(53): App\Controllers\Main\Main->callMethod('getStates', Array, 'Coverage\\Covera...')
#7 C:\Users\ivanm\Documents\proyectos_web\php\proyectos\uservic\Core\App.php(46): App\Controllers\Main\Guest\Guest->CoverageSearch('getStates')
#8 C:\Users\ivanm\Documents\proyectos_web\php\proyectos\uservic\public\index.php(30): Core\App->__construct()
#9 {main}, info_Received: id=10::action=getStates::, Url Received: (coverage/search), date: 2018-09-05 17:08:02
IP: ::1, Error in : Crud, Description: PDOException: SQLSTATE[42S22]: Column not found: 1054 Unknown column 'country_ids' in 'where clause' in C:\Users\ivanm\Documents\proyectos_web\php\proyectos\uservic\App\Models\CrudHelper\Crud.php:24
Stack trace:
#0 C:\Users\ivanm\Documents\proyectos_web\php\proyectos\uservic\App\Models\CrudHelper\Crud.php(24): PDOStatement->execute()
#1 C:\Users\ivanm\Documents\proyectos_web\php\proyectos\uservic\App\Models\Coverage\Coverage.php(33): App\Models\CrudHelper\Crud::get('SELECT * FROM u...', Array)
#2 C:\Users\ivanm\Documents\proyectos_web\php\proyectos\uservic\App\Models\Coverage\Coverage.php(16): App\Models\Coverage\Coverage->getById()
#3 C:\Users\ivanm\Documents\proyectos_web\php\proyectos\uservic\App\Controllers\Helpers\Coverage\Coverage.php(27): App\Models\Coverage\Coverage->get()
#4 C:\Users\ivanm\Documents\proyectos_web\php\proyectos\uservic\App\Controllers\Helpers\Coverage\Coverage.php(16): App\Controllers\Helpers\Coverage\Coverage->getCoverage('states', 'country', 10)
#5 C:\Users\ivanm\Documents\proyectos_web\php\proyectos\uservic\App\Controllers\Main\Main.php(17): App\Controllers\Helpers\Coverage\Coverage->getStates()
#6 C:\Users\ivanm\Documents\proyectos_web\php\proyectos\uservic\App\Controllers\Main\Guest\Guest.php(53): App\Controllers\Main\Main->callMethod('getStates', Array, 'Coverage\\Covera...')
#7 C:\Users\ivanm\Documents\proyectos_web\php\proyectos\uservic\Core\App.php(46): App\Controllers\Main\Guest\Guest->CoverageSearch('getStates')
#8 C:\Users\ivanm\Documents\proyectos_web\php\proyectos\uservic\public\index.php(30): Core\App->__construct()
#9 {main}, info_Received: id=10::action=getStates::, Url Received: (coverage/search), date: 2018-09-05 17:10:46
IP: ::1, Error in : Crud, Description: PDOException: SQLSTATE[42S22]: Column not found: 1054 Unknown column 'id_pvt_users' in 'field list' in C:\Users\ivanm\Documents\proyectos_web\php\proyectos\uservic\App\Models\CrudHelper\CrudA.php:61
Stack trace:
#0 C:\Users\ivanm\Documents\proyectos_web\php\proyectos\uservic\App\Models\CrudHelper\CrudA.php(61): PDOStatement->execute()
#1 C:\Users\ivanm\Documents\proyectos_web\php\proyectos\uservic\App\Models\CrudHelper\CrudA.php(50): App\Models\CrudHelper\CrudA->setData(Array, false)
#2 C:\Users\ivanm\Documents\proyectos_web\php\proyectos\uservic\App\Models\CrudHelper\CrudA.php(30): App\Models\CrudHelper\CrudA->implementCrud('INSERT INTO use...', Array, false)
#3 C:\Users\ivanm\Documents\proyectos_web\php\proyectos\uservic\App\Controllers\Helpers\User\Conexions.php(38): App\Models\CrudHelper\CrudA->add(Array, 'INSERT INTO use...')
#4 C:\Users\ivanm\Documents\proyectos_web\php\proyectos\uservic\App\Controllers\Main\Main.php(17): App\Controllers\Helpers\User\Conexions->add()
#5 C:\Users\ivanm\Documents\proyectos_web\php\proyectos\uservic\App\Controllers\Main\Standard\Standard.php(46): App\Controllers\Main\Main->callMethod('add', Array, 'User\\Conexions')
#6 C:\Users\ivanm\Documents\proyectos_web\php\proyectos\uservic\Core\App.php(46): App\Controllers\Main\Standard\Standard->UserConexions('add')
#7 C:\Users\ivanm\Documents\proyectos_web\php\proyectos\uservic\public\index.php(30): Core\App->__construct()
#8 {main}, info_Received: token=eyJ0eXAiOiJKV1QiLCJhbGciOiJIUzI1NiJ9.eyJlbWFpbCI6Iml2YW5AaXZhbi5jb20iLCJ0aW1ldXNlciI6ImUyZmJlOGNlZGNjMWNhNzVhODI0YmZiNWZhMDFjMTUwNjhlYzgxODIwY2JlNTczMGEyMmVkNDVlZDFhYzZkN2IiLCJpbWFnZSI6IjMuanBnIiwidXNlcm5hbWUiOiJpdmFubWxhciIsImlhdCI6MTUzNjAwMDgyMywiZXhwIjoxNTM4NTkyODIzfQ.uiqCq1W7PUlT0s4vZ2gXogLlupnhJp4UK6hH0APjPvk::action=add::Is an Array with size of: 1 and with name keys of: (data), and with values of: (conexion), Url Received: (user/conexions), date: 2018-09-05 17:14:06
IP: ::1, Error in : Crud, Description: PDOException: SQLSTATE[42S22]: Column not found: 1054 Unknown column 'id_pvt_users' in 'field list' in C:\Users\ivanm\Documents\proyectos_web\php\proyectos\uservic\App\Models\CrudHelper\CrudA.php:61
Stack trace:
#0 C:\Users\ivanm\Documents\proyectos_web\php\proyectos\uservic\App\Models\CrudHelper\CrudA.php(61): PDOStatement->execute()
#1 C:\Users\ivanm\Documents\proyectos_web\php\proyectos\uservic\App\Models\CrudHelper\CrudA.php(50): App\Models\CrudHelper\CrudA->setData(Array, false)
#2 C:\Users\ivanm\Documents\proyectos_web\php\proyectos\uservic\App\Models\CrudHelper\CrudA.php(30): App\Models\CrudHelper\CrudA->implementCrud('INSERT INTO use...', Array, false)
#3 C:\Users\ivanm\Documents\proyectos_web\php\proyectos\uservic\App\Controllers\Helpers\User\Conexions.php(38): App\Models\CrudHelper\CrudA->add(Array, 'INSERT INTO use...')
#4 C:\Users\ivanm\Documents\proyectos_web\php\proyectos\uservic\App\Controllers\Main\Main.php(17): App\Controllers\Helpers\User\Conexions->add()
#5 C:\Users\ivanm\Documents\proyectos_web\php\proyectos\uservic\App\Controllers\Main\Standard\Standard.php(46): App\Controllers\Main\Main->callMethod('add', Array, 'User\\Conexions')
#6 C:\Users\ivanm\Documents\proyectos_web\php\proyectos\uservic\Core\App.php(46): App\Controllers\Main\Standard\Standard->UserConexions('add')
#7 C:\Users\ivanm\Documents\proyectos_web\php\proyectos\uservic\public\index.php(30): Core\App->__construct()
#8 {main}, info_Received: token=eyJ0eXAiOiJKV1QiLCJhbGciOiJIUzI1NiJ9.eyJlbWFpbCI6Iml2YW5AaXZhbi5jb20iLCJ0aW1ldXNlciI6ImUyZmJlOGNlZGNjMWNhNzVhODI0YmZiNWZhMDFjMTUwNjhlYzgxODIwY2JlNTczMGEyMmVkNDVlZDFhYzZkN2IiLCJpbWFnZSI6IjMuanBnIiwidXNlcm5hbWUiOiJpdmFubWxhciIsImlhdCI6MTUzNjAwMDgyMywiZXhwIjoxNTM4NTkyODIzfQ.uiqCq1W7PUlT0s4vZ2gXogLlupnhJp4UK6hH0APjPvk::action=add::Is an Array with size of: 1 and with name keys of: (data), and with values of: (conexion), Url Received: (user/conexions), date: 2018-09-05 17:14:20
IP: ::1, Error in : Crud, Description: PDOException: SQLSTATE[42S22]: Column not found: 1054 Unknown column 'uservic_users_favouriteservices.id_pvt_serviceuservic_services.id_pvt_service' in 'where clause' in C:\Users\ivanm\Documents\proyectos_web\uservic_test\App\Models\CrudHelper\Crud.php:23
Stack trace:
#0 C:\Users\ivanm\Documents\proyectos_web\uservic_test\App\Models\CrudHelper\Crud.php(23): PDOStatement->execute()
#1 C:\Users\ivanm\Documents\proyectos_web\uservic_test\App\Models\Services\Services.php(81): App\Models\CrudHelper\Crud::get('SELECT uservic_...', Array)
#2 C:\Users\ivanm\Documents\proyectos_web\uservic_test\App\Models\Services\Services.php(27): App\Models\Services\Services->getBy('m')
#3 C:\Users\ivanm\Documents\proyectos_web\uservic_test\App\Controllers\Helpers\Search\Services.php(48): App\Models\Services\Services->get()
#4 C:\Users\ivanm\Documents\proyectos_web\uservic_test\App\Controllers\Main\Main.php(17): App\Controllers\Helpers\Search\Services->getTop()
#5 C:\Users\ivanm\Documents\proyectos_web\uservic_test\App\Controllers\Main\Guest\Guest.php(45): App\Controllers\Main\Main->callMethod('getTop', Array, 'Search\\Services')
#6 C:\Users\ivanm\Documents\proyectos_web\uservic_test\Core\App.php(46): App\Controllers\Main\Guest\Guest->SearchServices('getTop')
#7 C:\Users\ivanm\Documents\proyectos_web\uservic_test\public\index.php(30): Core\App->__construct()
#8 {main}, info_Received: action=getTop::id=1::, Url Received: (search/services), date: 2018-09-05 22:46:50
IP: ::1, Error in : Crud, Description: PDOException: SQLSTATE[42S22]: Column not found: 1054 Unknown column 'uservic_users_favouriteservices.id_pvt_serviceuservic_services.id_pvt_user' in 'where clause' in C:\Users\ivanm\Documents\proyectos_web\uservic_test\App\Models\CrudHelper\Crud.php:23
Stack trace:
#0 C:\Users\ivanm\Documents\proyectos_web\uservic_test\App\Models\CrudHelper\Crud.php(23): PDOStatement->execute()
#1 C:\Users\ivanm\Documents\proyectos_web\uservic_test\App\Models\Services\Services.php(81): App\Models\CrudHelper\Crud::get('SELECT uservic_...', Array)
#2 C:\Users\ivanm\Documents\proyectos_web\uservic_test\App\Models\Services\Services.php(27): App\Models\Services\Services->getBy('m')
#3 C:\Users\ivanm\Documents\proyectos_web\uservic_test\App\Controllers\Helpers\Search\Services.php(48): App\Models\Services\Services->get()
#4 C:\Users\ivanm\Documents\proyectos_web\uservic_test\App\Controllers\Main\Main.php(17): App\Controllers\Helpers\Search\Services->getTop()
#5 C:\Users\ivanm\Documents\proyectos_web\uservic_test\App\Controllers\Main\Guest\Guest.php(45): App\Controllers\Main\Main->callMethod('getTop', Array, 'Search\\Services')
#6 C:\Users\ivanm\Documents\proyectos_web\uservic_test\Core\App.php(46): App\Controllers\Main\Guest\Guest->SearchServices('getTop')
#7 C:\Users\ivanm\Documents\proyectos_web\uservic_test\public\index.php(30): Core\App->__construct()
#8 {main}, info_Received: action=getTop::id=1::, Url Received: (search/services), date: 2018-09-05 22:47:05
IP: ::1, Error in : Crud, Description: PDOException: SQLSTATE[42S22]: Column not found: 1054 Unknown column 'uservic_users_favouriteservices.id_pvt_serviceuservic_services.id_pvt_user' in 'where clause' in C:\Users\ivanm\Documents\proyectos_web\uservic_test\App\Models\CrudHelper\Crud.php:23
Stack trace:
#0 C:\Users\ivanm\Documents\proyectos_web\uservic_test\App\Models\CrudHelper\Crud.php(23): PDOStatement->execute()
#1 C:\Users\ivanm\Documents\proyectos_web\uservic_test\App\Models\Services\Services.php(81): App\Models\CrudHelper\Crud::get('SELECT uservic_...', Array)
#2 C:\Users\ivanm\Documents\proyectos_web\uservic_test\App\Models\Services\Services.php(27): App\Models\Services\Services->getBy('m')
#3 C:\Users\ivanm\Documents\proyectos_web\uservic_test\App\Controllers\Helpers\Search\Services.php(48): App\Models\Services\Services->get()
#4 C:\Users\ivanm\Documents\proyectos_web\uservic_test\App\Controllers\Main\Main.php(17): App\Controllers\Helpers\Search\Services->getTop()
#5 C:\Users\ivanm\Documents\proyectos_web\uservic_test\App\Controllers\Main\Guest\Guest.php(45): App\Controllers\Main\Main->callMethod('getTop', Array, 'Search\\Services')
#6 C:\Users\ivanm\Documents\proyectos_web\uservic_test\Core\App.php(46): App\Controllers\Main\Guest\Guest->SearchServices('getTop')
#7 C:\Users\ivanm\Documents\proyectos_web\uservic_test\public\index.php(30): Core\App->__construct()
#8 {main}, info_Received: id=1::Is an Array with size of: 0 and with name keys of: (data), and with values of: ()action=getTop::, Url Received: (search/services), date: 2018-09-05 22:47:24
IP: ::1, Error in : Crud, Description: PDOException: SQLSTATE[42000]: Syntax error or access violation: 1064 You have an error in your SQL syntax; check the manual that corresponds to your MariaDB server version for the right syntax to use near 'AND uservic_services.id_pvt_service=uservic_users_favouriteservices.id_pvt_servi' at line 1 in C:\Users\ivanm\Documents\proyectos_web\uservic_test\App\Models\CrudHelper\Crud.php:23
Stack trace:
#0 C:\Users\ivanm\Documents\proyectos_web\uservic_test\App\Models\CrudHelper\Crud.php(23): PDOStatement->execute()
#1 C:\Users\ivanm\Documents\proyectos_web\uservic_test\App\Models\Services\Services.php(81): App\Models\CrudHelper\Crud::get('SELECT uservic_...', Array)
#2 C:\Users\ivanm\Documents\proyectos_web\uservic_test\App\Models\Services\Services.php(27): App\Models\Services\Services->getBy('m')
#3 C:\Users\ivanm\Documents\proyectos_web\uservic_test\App\Controllers\Helpers\Search\Services.php(48): App\Models\Services\Services->get()
#4 C:\Users\ivanm\Documents\proyectos_web\uservic_test\App\Controllers\Main\Main.php(17): App\Controllers\Helpers\Search\Services->getTop()
#5 C:\Users\ivanm\Documents\proyectos_web\uservic_test\App\Controllers\Main\Guest\Guest.php(45): App\Controllers\Main\Main->callMethod('getTop', Array, 'Search\\Services')
#6 C:\Users\ivanm\Documents\proyectos_web\uservic_test\Core\App.php(46): App\Controllers\Main\Guest\Guest->SearchServices('getTop')
#7 C:\Users\ivanm\Documents\proyectos_web\uservic_test\public\index.php(30): Core\App->__construct()
#8 {main}, info_Received: action=getTop::id=1::, Url Received: (search/services), date: 2018-09-05 22:47:42
IP: ::1, Error in : Crud, Description: PDOException: SQLSTATE[42000]: Syntax error or access violation: 1064 You have an error in your SQL syntax; check the manual that corresponds to your MariaDB server version for the right syntax to use near 'AND uservic_services.id_pvt_service=uservic_users_favouriteservices.id_pvt_servi' at line 1 in C:\Users\ivanm\Documents\proyectos_web\uservic_test\App\Models\CrudHelper\Crud.php:23
Stack trace:
#0 C:\Users\ivanm\Documents\proyectos_web\uservic_test\App\Models\CrudHelper\Crud.php(23): PDOStatement->execute()
#1 C:\Users\ivanm\Documents\proyectos_web\uservic_test\App\Models\Services\Services.php(82): App\Models\CrudHelper\Crud::get('SELECT uservic_...', Array)
#2 C:\Users\ivanm\Documents\proyectos_web\uservic_test\App\Models\Services\Services.php(27): App\Models\Services\Services->getBy('m')
#3 C:\Users\ivanm\Documents\proyectos_web\uservic_test\App\Controllers\Helpers\Search\Services.php(48): App\Models\Services\Services->get()
#4 C:\Users\ivanm\Documents\proyectos_web\uservic_test\App\Controllers\Main\Main.php(17): App\Controllers\Helpers\Search\Services->getTop()
#5 C:\Users\ivanm\Documents\proyectos_web\uservic_test\App\Controllers\Main\Guest\Guest.php(45): App\Controllers\Main\Main->callMethod('getTop', Array, 'Search\\Services')
#6 C:\Users\ivanm\Documents\proyectos_web\uservic_test\Core\App.php(46): App\Controllers\Main\Guest\Guest->SearchServices('getTop')
#7 C:\Users\ivanm\Documents\proyectos_web\uservic_test\public\index.php(30): Core\App->__construct()
#8 {main}, info_Received: action=getTop::id=1::, Url Received: (search/services), date: 2018-09-05 22:48:04
IP: ::1, Error in : Crud, Description: PDOException: SQLSTATE[42000]: Syntax error or access violation: 1064 You have an error in your SQL syntax; check the manual that corresponds to your MariaDB server version for the right syntax to use near 'AND uservic_services.id_pvt_service=uservic_users_favouriteservices.id_pvt_servi' at line 1 in C:\Users\ivanm\Documents\proyectos_web\uservic_test\App\Models\CrudHelper\Crud.php:23
Stack trace:
#0 C:\Users\ivanm\Documents\proyectos_web\uservic_test\App\Models\CrudHelper\Crud.php(23): PDOStatement->execute()
#1 C:\Users\ivanm\Documents\proyectos_web\uservic_test\App\Models\Services\Services.php(82): App\Models\CrudHelper\Crud::get('SELECT uservic_...', Array)
#2 C:\Users\ivanm\Documents\proyectos_web\uservic_test\App\Models\Services\Services.php(27): App\Models\Services\Services->getBy('m')
#3 C:\Users\ivanm\Documents\proyectos_web\uservic_test\App\Controllers\Helpers\Search\Services.php(48): App\Models\Services\Services->get()
#4 C:\Users\ivanm\Documents\proyectos_web\uservic_test\App\Controllers\Main\Main.php(17): App\Controllers\Helpers\Search\Services->getTop()
#5 C:\Users\ivanm\Documents\proyectos_web\uservic_test\App\Controllers\Main\Guest\Guest.php(45): App\Controllers\Main\Main->callMethod('getTop', Array, 'Search\\Services')
#6 C:\Users\ivanm\Documents\proyectos_web\uservic_test\Core\App.php(46): App\Controllers\Main\Guest\Guest->SearchServices('getTop')
#7 C:\Users\ivanm\Documents\proyectos_web\uservic_test\public\index.php(30): Core\App->__construct()
#8 {main}, info_Received: action=getTop::id=1::, Url Received: (search/services), date: 2018-09-05 22:48:50
IP: ::1, Error in : Crud, Description: PDOException: SQLSTATE[42S22]: Column not found: 1054 Unknown column 'uservic_users_favouriteservices.id_pvt_serviceuservic_services.id_pvt_user' in 'where clause' in C:\Users\ivanm\Documents\proyectos_web\uservic_test\App\Models\CrudHelper\Crud.php:23
Stack trace:
#0 C:\Users\ivanm\Documents\proyectos_web\uservic_test\App\Models\CrudHelper\Crud.php(23): PDOStatement->execute()
#1 C:\Users\ivanm\Documents\proyectos_web\uservic_test\App\Models\Services\Services.php(82): App\Models\CrudHelper\Crud::get('SELECT uservic_...', Array)
#2 C:\Users\ivanm\Documents\proyectos_web\uservic_test\App\Models\Services\Services.php(27): App\Models\Services\Services->getBy('m')
#3 C:\Users\ivanm\Documents\proyectos_web\uservic_test\App\Controllers\Helpers\Search\Services.php(48): App\Models\Services\Services->get()
#4 C:\Users\ivanm\Documents\proyectos_web\uservic_test\App\Controllers\Main\Main.php(17): App\Controllers\Helpers\Search\Services->getTop()
#5 C:\Users\ivanm\Documents\proyectos_web\uservic_test\App\Controllers\Main\Guest\Guest.php(45): App\Controllers\Main\Main->callMethod('getTop', Array, 'Search\\Services')
#6 C:\Users\ivanm\Documents\proyectos_web\uservic_test\Core\App.php(46): App\Controllers\Main\Guest\Guest->SearchServices('getTop')
#7 C:\Users\ivanm\Documents\proyectos_web\uservic_test\public\index.php(30): Core\App->__construct()
#8 {main}, info_Received: action=getTop::id=1::, Url Received: (search/services), date: 2018-09-05 22:49:21
