IP: ::1, Error in : Base, Description: Invalid Method, info_Received: id=::Is an Array with size of: 4 and with name keys of: (data), and with values of: (query,filter,min,max)action=getAll::, Url Received: (service/service), date: 2018-09-06 00:06:47
IP: ::1, Error in : Base, Description: Invalid Method, info_Received: id=::Is an Array with size of: 4 and with name keys of: (data), and with values of: (query,filter,min,max)action=getAll::, Url Received: (service/service), date: 2018-09-06 00:07:14
IP: ::1, Error in : Base, Description: Invalid Method, info_Received: id=::Is an Array with size of: 4 and with name keys of: (data), and with values of: (query,filter,min,max)action=getAll::, Url Received: (service/service), date: 2018-09-06 00:08:48
IP: ::1, Error in : Base, Description: Invalid Method, info_Received: id=::Is an Array with size of: 4 and with name keys of: (data), and with values of: (query,filter,min,max)action=getAll::, Url Received: (service/service), date: 2018-09-06 00:09:53
IP: ::1, Error in : Base, Description: Invalid Method, info_Received: id=::Is an Array with size of: 4 and with name keys of: (data), and with values of: (query,filter,min,max)action=getAll::, Url Received: (service/service), date: 2018-09-06 00:11:27
IP: ::1, Error in : Base, Description: Invalid Method, info_Received: id=::Is an Array with size of: 4 and with name keys of: (data), and with values of: (query,filter,min,max)action=getAll::, Url Received: (service/service), date: 2018-09-06 00:13:53
IP: ::1, Error in : Base, Description: Invalid Method, info_Received: id=::Is an Array with size of: 4 and with name keys of: (data), and with values of: (query,filter,min,max)action=getAll::, Url Received: (service/service), date: 2018-09-06 00:15:41
IP: ::1, Error in : Base, Description: Invalid Method, info_Received: id=::Is an Array with size of: 4 and with name keys of: (data), and with values of: (query,filter,min,max)action=getAll::, Url Received: (service/service), date: 2018-09-06 00:16:34
IP: ::1, Error in : Base, Description: Invalid Method, info_Received: id=::Is an Array with size of: 4 and with name keys of: (data), and with values of: (query,filter,min,max)action=getAll::, Url Received: (service/service), date: 2018-09-06 00:17:11
IP: ::1, Error in : Base, Description: Invalid Method, info_Received: id=::Is an Array with size of: 4 and with name keys of: (data), and with values of: (query,filter,min,max)action=getAll::, Url Received: (service/service), date: 2018-09-06 02:23:53
IP: ::1, Error in : Base, Description: Json Error, info_Received: Is not a Valid Array, Url Received: (login/login), date: 2018-09-06 03:36:42
IP: ::1, Error in : Base, Description: There is no data, info_Received: Any Data, Url Received: (search/services), date: 2018-09-06 15:47:29
IP: ::1, Error in : Base, Description: There is no data, info_Received: Any Data, Url Received: (coverage/search), date: 2018-09-06 15:47:29
IP: ::1, Error in : Base, Description: There is no data, info_Received: Any Data, Url Received: (search/services), date: 2018-09-06 15:47:29
IP: ::1, Error in : Base, Description: There is no data, info_Received: Any Data, Url Received: (coverage/search), date: 2018-09-06 15:49:47
IP: ::1, Error in : Base, Description: There is no data, info_Received: Any Data, Url Received: (search/services), date: 2018-09-06 15:49:47
IP: ::1, Error in : Base, Description: There is no data, info_Received: Any Data, Url Received: (search/services), date: 2018-09-06 15:49:47
IP: ::1, Error in : Base, Description: There is no data, info_Received: Any Data, Url Received: (coverage/search), date: 2018-09-06 15:50:40
IP: ::1, Error in : Base, Description: There is no data, info_Received: Any Data, Url Received: (search/services), date: 2018-09-06 15:50:40
IP: ::1, Error in : Base, Description: There is no data, info_Received: Any Data, Url Received: (search/services), date: 2018-09-06 15:50:40
IP: ::1, Error in : Base, Description: There is no data, info_Received: Any Data, Url Received: (coverage/search), date: 2018-09-06 15:53:30
IP: ::1, Error in : Base, Description: There is no data, info_Received: Any Data, Url Received: (search/services), date: 2018-09-06 15:53:31
IP: ::1, Error in : Base, Description: There is no data, info_Received: Any Data, Url Received: (search/services), date: 2018-09-06 15:53:31
IP: ::1, Error in : Base, Description: There is no data, info_Received: Any Data, Url Received: (coverage/search), date: 2018-09-06 15:55:55
IP: ::1, Error in : Base, Description: There is no data, info_Received: Any Data, Url Received: (search/services), date: 2018-09-06 15:55:56
IP: ::1, Error in : Base, Description: There is no data, info_Received: Any Data, Url Received: (search/services), date: 2018-09-06 15:55:56
IP: ::1, Error in : Base, Description: There is no data, info_Received: Any Data, Url Received: (coverage/search), date: 2018-09-06 15:56:55
IP: ::1, Error in : Base, Description: There is no data, info_Received: Any Data, Url Received: (search/services), date: 2018-09-06 15:56:56
IP: ::1, Error in : Base, Description: There is no data, info_Received: Any Data, Url Received: (search/services), date: 2018-09-06 15:56:56
IP: ::1, Error in : Base, Description: There is no data, info_Received: Any Data, Url Received: (coverage/search), date: 2018-09-06 15:57:54
IP: ::1, Error in : Base, Description: There is no data, info_Received: Any Data, Url Received: (search/services), date: 2018-09-06 15:57:54
IP: ::1, Error in : Base, Description: There is no data, info_Received: Any Data, Url Received: (search/services), date: 2018-09-06 15:57:54
IP: ::1, Error in : Base, Description: There is no data, info_Received: Any Data, Url Received: (coverage/search), date: 2018-09-06 15:58:47
IP: ::1, Error in : Base, Description: There is no data, info_Received: Any Data, Url Received: (search/services), date: 2018-09-06 15:58:47
IP: ::1, Error in : Base, Description: There is no data, info_Received: Any Data, Url Received: (search/services), date: 2018-09-06 15:58:47
IP: ::1, Error in : Base, Description: There is no data, info_Received: Any Data, Url Received: (coverage/search), date: 2018-09-06 15:59:25
IP: ::1, Error in : Base, Description: There is no data, info_Received: Any Data, Url Received: (search/services), date: 2018-09-06 15:59:26
IP: ::1, Error in : Base, Description: There is no data, info_Received: Any Data, Url Received: (search/services), date: 2018-09-06 15:59:26
IP: ::1, Error in : Base, Description: There is no data, info_Received: Any Data, Url Received: (coverage/search), date: 2018-09-06 16:00:14
IP: ::1, Error in : Base, Description: There is no data, info_Received: Any Data, Url Received: (search/services), date: 2018-09-06 16:00:14
IP: ::1, Error in : Base, Description: There is no data, info_Received: Any Data, Url Received: (search/services), date: 2018-09-06 16:00:14
IP: ::1, Error in : Base, Description: Invalid Token, info_Received: token=eyJ0eXAiOiJKV1QiLCJhbGciOiJIUzI1NiJ9.eyJlbWFpbCI6Iml2YW5AaXZhbi5jb20iLCJ0aW1ldXNlciI6ImUyZmJlOGNlZGNjMWNhNzVhODI0YmZiNWZhMDFjMTUwNjhlYzgxODIwY2JlNTczMGEyMmVkNDVlZDFhYzZkN2IiLCJpbWFnZSI6IjMuanBnIiwidXNlcm5hbWUiOiJpdmFubWxhciIsImlhdCI6MTUzNjAwMDgyMywiZXhwIjoxNTM4NTkyODIzfQ.uiqCq1W7PUlT0s4vZ2gXogLlupnhJp4UK6hH0APjPvk::action=get::Is an Array with size of: 1 and with name keys of: (data), and with values of: (id), Url Received: (services/comments), date: 2018-09-06 16:28:46
IP: ::1, Error in : Base, Description: Invalid Token, info_Received: token=eyJ0eXAiOiJKV1QiLCJhbGciOiJIUzI1NiJ9.eyJlbWFpbCI6Iml2YW5AaXZhbi5jb20iLCJ0aW1ldXNlciI6ImUyZmJlOGNlZGNjMWNhNzVhODI0YmZiNWZhMDFjMTUwNjhlYzgxODIwY2JlNTczMGEyMmVkNDVlZDFhYzZkN2IiLCJpbWFnZSI6IjMuanBnIiwidXNlcm5hbWUiOiJpdmFubWxhciIsImlhdCI6MTUzNjAwMDgyMywiZXhwIjoxNTM4NTkyODIzfQ.uiqCq1W7PUlT0s4vZ2gXogLlupnhJp4UK6hH0APjPvk::action=getPublic::Is an Array with size of: 1 and with name keys of: (data), and with values of: (id), Url Received: (search/services), date: 2018-09-06 17:31:32
IP: ::1, Error in : Base, Description: There is no data, info_Received: Any Data, Url Received: (user/favs), date: 2018-09-06 20:37:41
