IP: ::1, Error in : Base, Description: There is no data, info_received: , date: 2018-09-05 16:17:25
IP: ::1, Error in : Base, Description: There is no data, info_received: , date: 2018-09-05 16:18:03
IP: ::1, Error in : Base, Description: There is no data, info_received: , date: 2018-09-05 16:18:32
IP: ::1, Error in : Base, Description: There is no data, info_received: Any Data, date: 2018-09-05 16:19:12
IP: ::1, Error in : Base, Description: There is no data, info_received: Any Data, date: 2018-09-05 16:28:39
IP: ::1, Error in : Base, Description: Json Error, info_received: Is not a Valid Array, date: 2018-09-05 16:29:20
IP: ::1, Error in : Base, Description: Json Error, info_received: Is not a Valid Array, date: 2018-09-05 16:30:33
IP: ::1, Error in : Base, Description: Invalid Data, Some Variables Undefined, info_received: 5::, date: 2018-09-05 16:31:21
IP: ::1, Error in : Base, Description: Invalid Data, Some Variables Undefined, info_received: 5::, date: 2018-09-05 16:32:12
IP: ::1, Error in : Base, Description: Invalid Data, Some Variables Undefined, info_received: 5::, date: 2018-09-05 16:32:34
IP: ::1, Error in : Base, Description: Invalid Data, Some Variables Undefined, info_received: 5::, date: 2018-09-05 16:34:27
IP: ::1, Error in : Base, Description: Invalid Data, Some Variables Undefined, info_received: 5::, date: 2018-09-05 16:34:37
IP: ::1, Error in : Base, Description: Invalid Data, Some Variables Undefined, info_received: act5::, date: 2018-09-05 16:35:39
IP: ::1, Error in : Base, Description: Invalid Data, Some Variables Undefined, info_received: act=5::, date: 2018-09-05 16:35:57
IP: ::1, Error in : Base, Description: Invalid Data, Some Variables Undefined, info_received: action=fer::, date: 2018-09-05 16:37:03
IP: ::1, Error in : Base, Description: Invalid Structure Token, info_received: action=fer::token=adflkjwie::, date: 2018-09-05 16:37:25
IP: ::1, Error in : Base, Description: Invalid Data, Some Variables Undefined, info_received: action=getCities::, date: 2018-09-05 16:40:02
IP: ::1, Error in : Base, Description: Invalid Data, Some Variables Undefined, info_received: action=getCities::, date: 2018-09-05 16:40:26
IP: ::1, Error in : Base, Description: Invalid Structure Token, info_received: action=update::token=afdklajfdlkjaofi34u932r92jdkjjfoqewjofjojqerf9230ewqriqwoejofjakjasoiwejoqr432j020943234094329ufrkjoqekajfoqirojtojrorjqoetjoqrjtoijfdlkajlkafdlkjfqijqiqreirewqijfdlkfdlkfdalkfu403u403u43u3jg0ojg3ijgij34ojgu3oj::, date: 2018-09-05 16:43:42
IP: ::1, Error in : Base, Description: Invalid Token, info_received: action=update::token=afdklajfdlkjaofi34u932r92jdkjjfoqewjofjojqerf9230ewqriqwoejofjakjasoiwejoqr432j020943234094329ufrkjoqekajfoqirojtojrorjqoetjoqrjtoijfdlkajlkafdlkjfqijqiqreirewqijfdlkfdlkfdalkfu403u403u43u3jg0ojg3ijgij34ojgu3ojfrkjoqekajfoqirojtojrorjqoetjoqrjtoijfdlkajlkafdlkjfqijqiqreirewqijfdlkfdlkfdalkfu403u403u43u3jg0ojg3ijgij34ojgu3frkjoqekajfoqirojtojrorjqoetjoqrjtoijfdlkajlkafdlkjfqijqiqreirewqijfdlkfdlkfdalkfu403u403u43u3jg0ojg3ijgij34ojgu3::, date: 2018-09-05 16:44:27
IP: ::1, Error in : Base, Description: Invalid Token, info_received: action=update::token=afdklajfdlkjaofi34u932r92jdkjjfoqewjofjojqerf9230ewqriqwoejofjakjasoiwejoqr432j020943234094329ufrkjoqekajfoqirojtojrorjqoetjoqrjtoijfdlkajlkafdlkjfqijqiqreirewqijfdlkfdlkfdalkfu403u403u43u3jg0ojg3ijgij34ojgu3ojfrkjoqekajfoqirojtojrorjqoetjoqrjtoijfdlkajlkafdlkjfqijqiqreirewqijfdlkfdlkfdalkfu403u403u43u3jg0ojg3ijgij34ojgu3frkjoqekajfoqirojtojrorjqoetjoqrjtoijfdlkajlkafdlkjfqijqiqreirewqijfdlkfdlkfdalkfu403u403u43u3jg0ojg3ijgij34ojgu3::, date: 2018-09-05 16:45:29
IP: ::1, Error in : Base, Description: Invalid Method, info_received: action=get::data=jsld::, date: 2018-09-05 16:50:55
IP: ::1, Error in : Base, Description: Invalid Method, info_received: action=get::Is an Array with size of: 1 and with name keys of: (data, and with values ofhola), date: 2018-09-05 16:51:17
IP: ::1, Error in : Base, Description: Invalid Method, info_received: action=get::Is an Array with size of: 1 and with name keys of: (data), and with values of: (hola), date: 2018-09-05 16:51:57
IP: ::1, Error in : Base, Description: Not exist url entity and Property, info_received: action=get::Is an Array with size of: 1 and with name keys of: (data), and with values of: (hola), date: 2018-09-05 16:52:39
IP: ::1, Error in : Base, Description: Not exist url entity and Property, info_Received: action=get::Is an Array with size of: 1 and with name keys of: (data), and with values of: (hola), Url Received, date: 2018-09-05 16:55:44
IP: ::1, Error in : Base, Description: Not exist url entity and Property, info_Received: action=get::Is an Array with size of: 1 and with name keys of: (data), and with values of: (hola), Url Received, date: 2018-09-05 16:56:10
IP: ::1, Error in : Base, Description: Not exist url entity and Property, info_Received: action=get::Is an Array with size of: 1 and with name keys of: (data), and with values of: (hola), Url Received, date: 2018-09-05 16:57:06
IP: ::1, Error in : Base, Description: Not exist url entity and Property, info_Received: action=get::Is an Array with size of: 1 and with name keys of: (data), and with values of: (hola), Url Received, date: 2018-09-05 16:57:20
IP: ::1, Error in : Base, Description: Not exist url entity and Property, info_Received: action=get::Is an Array with size of: 1 and with name keys of: (data), and with values of: (hola), Url Received, date: 2018-09-05 16:57:33
IP: ::1, Error in : Base, Description: Not exist url entity and Property, info_Received: action=get::Is an Array with size of: 1 and with name keys of: (data), and with values of: (hola), Url Received, date: 2018-09-05 16:58:02
IP: ::1, Error in : Base, Description: Not exist url entity and Property, info_Received: action=get::Is an Array with size of: 1 and with name keys of: (data), and with values of: (hola), Url Receiveduser, date: 2018-09-05 16:58:17
IP: ::1, Error in : Base, Description: Not exist url entity and Property, info_Received: action=get::Is an Array with size of: 1 and with name keys of: (data), and with values of: (hola), Url Received: (user), date: 2018-09-05 16:59:06
IP: ::1, Error in : Base, Description: Invalid Method, info_Received: action=get::Is an Array with size of: 1 and with name keys of: (data), and with values of: (hola), Url Received: (user/test), date: 2018-09-05 16:59:16
IP: ::1, Error in : Base, Description: Invalid Method, info_Received: action=get::Is an Array with size of: 1 and with name keys of: (data), and with values of: (hola), Url Received: (user/test), date: 2018-09-05 17:00:33
IP: ::1, Error in : Base, Description: Invalid Token, info_Received: action=update::token=afdklajfdlkjaofi34u932r92jdkjjfoqewjofjojqerf9230ewqriqwoejofjakjasoiwejoqr432j020943234094329ufrkjoqekajfoqirojtojrorjqoetjoqrjtoijfdlkajlkafdlkjfqijqiqreirewqijfdlkfdlkfdalkfu403u403u43u3jg0ojg3ijgij34ojgu3ojfrkjoqekajfoqirojtojrorjqoetjoqrjtoijfdlkajlkafdlkjfqijqiqreirewqijfdlkfdlkfdalkfu403u403u43u3jg0ojg3ijgij34ojgu3frkjoqekajfoqirojtojrorjqoetjoqrjtoijfdlkajlkafdlkjfqijqiqreirewqijfdlkfdlkfdalkfu403u403u43u3jg0ojg3ijgij34ojgu3::, Url Received: (user/perfil), date: 2018-09-05 17:00:44
IP: ::1, Error in : Base, Description: Invalid Method, info_Received: action=get::Is an Array with size of: 1 and with name keys of: (data), and with values of: (hola), Url Received: (user/test), date: 2018-09-05 17:01:24
IP: ::1, Error in : Base, Description: Invalid Method, info_Received: id=all::Is an Array with size of: 0 and with name keys of: (data), and with values of: ()action=get::, Url Received: (coverture/countries), date: 2018-09-05 18:12:56
IP: ::1, Error in : Base, Description: Invalid Method, info_Received: id=all::Is an Array with size of: 0 and with name keys of: (data), and with values of: ()action=get::, Url Received: (service/servicepview), date: 2018-09-05 18:12:56
IP: ::1, Error in : Base, Description: Invalid Method, info_Received: id=all::Is an Array with size of: 0 and with name keys of: (data), and with values of: ()action=get::, Url Received: (coverture/countries), date: 2018-09-05 18:44:57
IP: ::1, Error in : Base, Description: Invalid Method, info_Received: id=all::Is an Array with size of: 0 and with name keys of: (data), and with values of: ()action=get::, Url Received: (coverture/countries), date: 2018-09-05 18:45:56
IP: ::1, Error in : Base, Description: Invalid Method, info_Received: id=all::Is an Array with size of: 0 and with name keys of: (data), and with values of: ()action=get::, Url Received: (coverture/countries), date: 2018-09-05 18:47:48
IP: ::1, Error in : Base, Description: Invalid Method, info_Received: id=all::Is an Array with size of: 0 and with name keys of: (data), and with values of: ()action=get::, Url Received: (coverture/countries), date: 2018-09-05 18:49:37
IP: ::1, Error in : Base, Description: Invalid Method, info_Received: id=all::Is an Array with size of: 0 and with name keys of: (data), and with values of: ()action=get::, Url Received: (coverture/countries), date: 2018-09-05 18:51:57
IP: ::1, Error in : Base, Description: Invalid Method, info_Received: id=all::Is an Array with size of: 0 and with name keys of: (data), and with values of: ()action=get::, Url Received: (coverture/countries), date: 2018-09-05 19:19:04
IP: ::1, Error in : Base, Description: Invalid Method, info_Received: id=all::Is an Array with size of: 0 and with name keys of: (data), and with values of: ()action=get::, Url Received: (coverture/countries), date: 2018-09-05 19:19:52
IP: ::1, Error in : Base, Description: Invalid Method, info_Received: id=all::Is an Array with size of: 0 and with name keys of: (data), and with values of: ()action=get::, Url Received: (coverture/countries), date: 2018-09-05 22:34:28
IP: ::1, Error in : Base, Description: Invalid Method, info_Received: id=all::Is an Array with size of: 0 and with name keys of: (data), and with values of: ()action=get::, Url Received: (coverture/countries), date: 2018-09-05 22:34:29
IP: ::1, Error in : Base, Description: Invalid Method, info_Received: id=7::Is an Array with size of: 0 and with name keys of: (data), and with values of: ()action=get::, Url Received: (service/service), date: 2018-09-05 23:31:46
IP: ::1, Error in : Base, Description: Invalid Method, info_Received: id=SER9782511SRGWMPYVIC::Is an Array with size of: 0 and with name keys of: (data), and with values of: ()action=get::, Url Received: (service/service), date: 2018-09-05 23:32:34
